Not searching for unused variables given on the command line.
[36m--[0m The C compiler identification is GNU 9.4.0
[36m--[0m The CXX compiler identification is GNU 9.4.0
[36m--[0m Check for working C compiler: /usr/bin/cc
[36m--[0m Check for working C compiler: /usr/bin/cc -- works
[36m--[0m Detecting C compiler ABI info
[36m--[0m Detecting C compiler ABI info - done
[36m--[0m Detecting C compile features
[36m--[0m Detecting C compile features - done
[36m--[0m Check for working CXX compiler: /usr/bin/c++
[36m--[0m Check for working CXX compiler: /usr/bin/c++ -- works
[36m--[0m Detecting CXX compiler ABI info
[36m--[0m Detecting CXX compiler ABI info - done
[36m--[0m Detecting CXX compile features
[36m--[0m Detecting CXX compile features - done
[36m--[0m Using CATKIN_DEVEL_PREFIX: /home/thulson/catkin_ws/devel/.private/mycobot_320_communication
[36m--[0m Using CMAKE_PREFIX_PATH: /home/thulson/catkin_ws/devel;/opt/ros/noetic
[36m--[0m This workspace overlays: /home/thulson/catkin_ws/devel;/opt/ros/noetic
[36m--[0m Found PythonInterp: /usr/bin/python3 (found suitable version "3.8.10", minimum required is "3")
[36m--[0m Using PYTHON_EXECUTABLE: /usr/bin/python3
[36m--[0m Using Debian Python package layout
[36m--[0m Found PY_em: /usr/lib/python3/dist-packages/em.py
[36m--[0m Using empy: /usr/lib/python3/dist-packages/em.py
[36m--[0m Using CATKIN_ENABLE_TESTING: ON
[36m--[0m Call enable_testing()
[36m--[0m Using CATKIN_TEST_RESULTS_DIR: /home/thulson/catkin_ws/build/mycobot_320_communication/test_results
[36m--[0m Forcing gtest/gmock from source, though one was otherwise available.
[36m--[0m Found gtest sources under '/usr/src/googletest': gtests will be built
[36m--[0m Found gmock sources under '/usr/src/googletest': gmock will be built
[36m--[0m Found PythonInterp: /usr/bin/python3 (found version "3.8.10")
[36m--[0m Found Threads: TRUE
[36m--[0m Using Python nosetests: /usr/bin/nosetests3
[36m--[0m catkin 0.8.10
[36m--[0m BUILD_SHARED_LIBS is on
[36m--[0m Using these message generators: gencpp;geneus;genlisp;gennodejs;genpy
[36m--[0m mycobot_320_communication: 6 messages, 6 services
[36m--[0m Installing devel-space wrapper /home/thulson/catkin_ws/src/mycobot_ros/mycobot_320/mycobot_320_communication/scripts/mycobot_services.py to /home/thulson/catkin_ws/devel/.private/mycobot_320_communication/lib/mycobot_320_communication
[36m--[0m Installing devel-space wrapper /home/thulson/catkin_ws/src/mycobot_ros/mycobot_320/mycobot_320_communication/scripts/mycobot_topics.py to /home/thulson/catkin_ws/devel/.private/mycobot_320_communication/lib/mycobot_320_communication
[36m--[0m Configuring done
[36m--[0m Generating done
[36m--[0m Build files have been written to: /home/thulson/catkin_ws/build/mycobot_320_communication
