Linked: (/home/thulson/catkin_ws/devel/.private/mycobot_320_communication/lib/mycobot_320_communication/mycobot_topics.py, /home/thulson/catkin_ws/devel/lib/mycobot_320_communication/mycobot_topics.py)
Linked: (/home/thulson/catkin_ws/devel/.private/mycobot_320_communication/lib/mycobot_320_communication/mycobot_services.py, /home/thulson/catkin_ws/devel/lib/mycobot_320_communication/mycobot_services.py)
Linked: (/home/thulson/catkin_ws/devel/.private/mycobot_320_communication/lib/mycobot_320_communication/cmake.lock, /home/thulson/catkin_ws/devel/lib/mycobot_320_communication/cmake.lock)
Linked: (/home/thulson/catkin_ws/devel/.private/mycobot_320_communication/lib/python3/dist-packages/mycobot_320_communication/__init__.py, /home/thulson/catkin_ws/devel/lib/python3/dist-packages/mycobot_320_communication/__init__.py)
Linked: (/home/thulson/catkin_ws/devel/.private/mycobot_320_communication/lib/python3/dist-packages/mycobot_320_communication/srv/_SetAngles.py, /home/thulson/catkin_ws/devel/lib/python3/dist-packages/mycobot_320_communication/srv/_SetAngles.py)
Linked: (/home/thulson/catkin_ws/devel/.private/mycobot_320_communication/lib/python3/dist-packages/mycobot_320_communication/srv/_GetCoords.py, /home/thulson/catkin_ws/devel/lib/python3/dist-packages/mycobot_320_communication/srv/_GetCoords.py)
Linked: (/home/thulson/catkin_ws/devel/.private/mycobot_320_communication/lib/python3/dist-packages/mycobot_320_communication/srv/_GripperStatus.py, /home/thulson/catkin_ws/devel/lib/python3/dist-packages/mycobot_320_communication/srv/_GripperStatus.py)
Linked: (/home/thulson/catkin_ws/devel/.private/mycobot_320_communication/lib/python3/dist-packages/mycobot_320_communication/srv/_SetCoords.py, /home/thulson/catkin_ws/devel/lib/python3/dist-packages/mycobot_320_communication/srv/_SetCoords.py)
Linked: (/home/thulson/catkin_ws/devel/.private/mycobot_320_communication/lib/python3/dist-packages/mycobot_320_communication/srv/_PumpStatus.py, /home/thulson/catkin_ws/devel/lib/python3/dist-packages/mycobot_320_communication/srv/_PumpStatus.py)
Linked: (/home/thulson/catkin_ws/devel/.private/mycobot_320_communication/lib/python3/dist-packages/mycobot_320_communication/srv/_GetAngles.py, /home/thulson/catkin_ws/devel/lib/python3/dist-packages/mycobot_320_communication/srv/_GetAngles.py)
Linked: (/home/thulson/catkin_ws/devel/.private/mycobot_320_communication/lib/python3/dist-packages/mycobot_320_communication/srv/__init__.py, /home/thulson/catkin_ws/devel/lib/python3/dist-packages/mycobot_320_communication/srv/__init__.py)
Linked: (/home/thulson/catkin_ws/devel/.private/mycobot_320_communication/lib/python3/dist-packages/mycobot_320_communication/msg/_MycobotCoords.py, /home/thulson/catkin_ws/devel/lib/python3/dist-packages/mycobot_320_communication/msg/_MycobotCoords.py)
Linked: (/home/thulson/catkin_ws/devel/.private/mycobot_320_communication/lib/python3/dist-packages/mycobot_320_communication/msg/_MycobotSetAngles.py, /home/thulson/catkin_ws/devel/lib/python3/dist-packages/mycobot_320_communication/msg/_MycobotSetAngles.py)
Linked: (/home/thulson/catkin_ws/devel/.private/mycobot_320_communication/lib/python3/dist-packages/mycobot_320_communication/msg/_MycobotGripperStatus.py, /home/thulson/catkin_ws/devel/lib/python3/dist-packages/mycobot_320_communication/msg/_MycobotGripperStatus.py)
Linked: (/home/thulson/catkin_ws/devel/.private/mycobot_320_communication/lib/python3/dist-packages/mycobot_320_communication/msg/_MycobotPumpStatus.py, /home/thulson/catkin_ws/devel/lib/python3/dist-packages/mycobot_320_communication/msg/_MycobotPumpStatus.py)
Linked: (/home/thulson/catkin_ws/devel/.private/mycobot_320_communication/lib/python3/dist-packages/mycobot_320_communication/msg/_MycobotSetCoords.py, /home/thulson/catkin_ws/devel/lib/python3/dist-packages/mycobot_320_communication/msg/_MycobotSetCoords.py)
Linked: (/home/thulson/catkin_ws/devel/.private/mycobot_320_communication/lib/python3/dist-packages/mycobot_320_communication/msg/__init__.py, /home/thulson/catkin_ws/devel/lib/python3/dist-packages/mycobot_320_communication/msg/__init__.py)
Linked: (/home/thulson/catkin_ws/devel/.private/mycobot_320_communication/lib/python3/dist-packages/mycobot_320_communication/msg/_MycobotAngles.py, /home/thulson/catkin_ws/devel/lib/python3/dist-packages/mycobot_320_communication/msg/_MycobotAngles.py)
Linked: (/home/thulson/catkin_ws/devel/.private/mycobot_320_communication/lib/pkgconfig/mycobot_320_communication.pc, /home/thulson/catkin_ws/devel/lib/pkgconfig/mycobot_320_communication.pc)
Linked: (/home/thulson/catkin_ws/devel/.private/mycobot_320_communication/include/mycobot_320_communication/MycobotCoords.h, /home/thulson/catkin_ws/devel/include/mycobot_320_communication/MycobotCoords.h)
Linked: (/home/thulson/catkin_ws/devel/.private/mycobot_320_communication/include/mycobot_320_communication/SetAnglesResponse.h, /home/thulson/catkin_ws/devel/include/mycobot_320_communication/SetAnglesResponse.h)
Linked: (/home/thulson/catkin_ws/devel/.private/mycobot_320_communication/include/mycobot_320_communication/GetCoordsResponse.h, /home/thulson/catkin_ws/devel/include/mycobot_320_communication/GetCoordsResponse.h)
Linked: (/home/thulson/catkin_ws/devel/.private/mycobot_320_communication/include/mycobot_320_communication/MycobotSetCoords.h, /home/thulson/catkin_ws/devel/include/mycobot_320_communication/MycobotSetCoords.h)
Linked: (/home/thulson/catkin_ws/devel/.private/mycobot_320_communication/include/mycobot_320_communication/MycobotSetAngles.h, /home/thulson/catkin_ws/devel/include/mycobot_320_communication/MycobotSetAngles.h)
Linked: (/home/thulson/catkin_ws/devel/.private/mycobot_320_communication/include/mycobot_320_communication/PumpStatusRequest.h, /home/thulson/catkin_ws/devel/include/mycobot_320_communication/PumpStatusRequest.h)
Linked: (/home/thulson/catkin_ws/devel/.private/mycobot_320_communication/include/mycobot_320_communication/SetCoords.h, /home/thulson/catkin_ws/devel/include/mycobot_320_communication/SetCoords.h)
Linked: (/home/thulson/catkin_ws/devel/.private/mycobot_320_communication/include/mycobot_320_communication/GetAnglesRequest.h, /home/thulson/catkin_ws/devel/include/mycobot_320_communication/GetAnglesRequest.h)
Linked: (/home/thulson/catkin_ws/devel/.private/mycobot_320_communication/include/mycobot_320_communication/GetCoords.h, /home/thulson/catkin_ws/devel/include/mycobot_320_communication/GetCoords.h)
Linked: (/home/thulson/catkin_ws/devel/.private/mycobot_320_communication/include/mycobot_320_communication/MycobotGripperStatus.h, /home/thulson/catkin_ws/devel/include/mycobot_320_communication/MycobotGripperStatus.h)
Linked: (/home/thulson/catkin_ws/devel/.private/mycobot_320_communication/include/mycobot_320_communication/GripperStatus.h, /home/thulson/catkin_ws/devel/include/mycobot_320_communication/GripperStatus.h)
Linked: (/home/thulson/catkin_ws/devel/.private/mycobot_320_communication/include/mycobot_320_communication/PumpStatus.h, /home/thulson/catkin_ws/devel/include/mycobot_320_communication/PumpStatus.h)
Linked: (/home/thulson/catkin_ws/devel/.private/mycobot_320_communication/include/mycobot_320_communication/SetAnglesRequest.h, /home/thulson/catkin_ws/devel/include/mycobot_320_communication/SetAnglesRequest.h)
Linked: (/home/thulson/catkin_ws/devel/.private/mycobot_320_communication/include/mycobot_320_communication/GetAngles.h, /home/thulson/catkin_ws/devel/include/mycobot_320_communication/GetAngles.h)
Linked: (/home/thulson/catkin_ws/devel/.private/mycobot_320_communication/include/mycobot_320_communication/SetCoordsRequest.h, /home/thulson/catkin_ws/devel/include/mycobot_320_communication/SetCoordsRequest.h)
Linked: (/home/thulson/catkin_ws/devel/.private/mycobot_320_communication/include/mycobot_320_communication/MycobotPumpStatus.h, /home/thulson/catkin_ws/devel/include/mycobot_320_communication/MycobotPumpStatus.h)
Linked: (/home/thulson/catkin_ws/devel/.private/mycobot_320_communication/include/mycobot_320_communication/GripperStatusRequest.h, /home/thulson/catkin_ws/devel/include/mycobot_320_communication/GripperStatusRequest.h)
Linked: (/home/thulson/catkin_ws/devel/.private/mycobot_320_communication/include/mycobot_320_communication/GetCoordsRequest.h, /home/thulson/catkin_ws/devel/include/mycobot_320_communication/GetCoordsRequest.h)
Linked: (/home/thulson/catkin_ws/devel/.private/mycobot_320_communication/include/mycobot_320_communication/SetCoordsResponse.h, /home/thulson/catkin_ws/devel/include/mycobot_320_communication/SetCoordsResponse.h)
Linked: (/home/thulson/catkin_ws/devel/.private/mycobot_320_communication/include/mycobot_320_communication/GetAnglesResponse.h, /home/thulson/catkin_ws/devel/include/mycobot_320_communication/GetAnglesResponse.h)
Linked: (/home/thulson/catkin_ws/devel/.private/mycobot_320_communication/include/mycobot_320_communication/MycobotAngles.h, /home/thulson/catkin_ws/devel/include/mycobot_320_communication/MycobotAngles.h)
Linked: (/home/thulson/catkin_ws/devel/.private/mycobot_320_communication/include/mycobot_320_communication/PumpStatusResponse.h, /home/thulson/catkin_ws/devel/include/mycobot_320_communication/PumpStatusResponse.h)
Linked: (/home/thulson/catkin_ws/devel/.private/mycobot_320_communication/include/mycobot_320_communication/GripperStatusResponse.h, /home/thulson/catkin_ws/devel/include/mycobot_320_communication/GripperStatusResponse.h)
Linked: (/home/thulson/catkin_ws/devel/.private/mycobot_320_communication/include/mycobot_320_communication/SetAngles.h, /home/thulson/catkin_ws/devel/include/mycobot_320_communication/SetAngles.h)
Linked: (/home/thulson/catkin_ws/devel/.private/mycobot_320_communication/share/mycobot_320_communication/cmake/mycobot_320_communicationConfig-version.cmake, /home/thulson/catkin_ws/devel/share/mycobot_320_communication/cmake/mycobot_320_communicationConfig-version.cmake)
Linked: (/home/thulson/catkin_ws/devel/.private/mycobot_320_communication/share/mycobot_320_communication/cmake/mycobot_320_communicationConfig.cmake, /home/thulson/catkin_ws/devel/share/mycobot_320_communication/cmake/mycobot_320_communicationConfig.cmake)
Linked: (/home/thulson/catkin_ws/devel/.private/mycobot_320_communication/share/mycobot_320_communication/cmake/mycobot_320_communication-msg-paths.cmake, /home/thulson/catkin_ws/devel/share/mycobot_320_communication/cmake/mycobot_320_communication-msg-paths.cmake)
Linked: (/home/thulson/catkin_ws/devel/.private/mycobot_320_communication/share/mycobot_320_communication/cmake/mycobot_320_communication-msg-extras.cmake, /home/thulson/catkin_ws/devel/share/mycobot_320_communication/cmake/mycobot_320_communication-msg-extras.cmake)
Linked: (/home/thulson/catkin_ws/devel/.private/mycobot_320_communication/share/common-lisp/ros/mycobot_320_communication/srv/_package_PumpStatus.lisp, /home/thulson/catkin_ws/devel/share/common-lisp/ros/mycobot_320_communication/srv/_package_PumpStatus.lisp)
Linked: (/home/thulson/catkin_ws/devel/.private/mycobot_320_communication/share/common-lisp/ros/mycobot_320_communication/srv/_package_SetAngles.lisp, /home/thulson/catkin_ws/devel/share/common-lisp/ros/mycobot_320_communication/srv/_package_SetAngles.lisp)
Linked: (/home/thulson/catkin_ws/devel/.private/mycobot_320_communication/share/common-lisp/ros/mycobot_320_communication/srv/SetAngles.lisp, /home/thulson/catkin_ws/devel/share/common-lisp/ros/mycobot_320_communication/srv/SetAngles.lisp)
Linked: (/home/thulson/catkin_ws/devel/.private/mycobot_320_communication/share/common-lisp/ros/mycobot_320_communication/srv/_package_GetAngles.lisp, /home/thulson/catkin_ws/devel/share/common-lisp/ros/mycobot_320_communication/srv/_package_GetAngles.lisp)
Linked: (/home/thulson/catkin_ws/devel/.private/mycobot_320_communication/share/common-lisp/ros/mycobot_320_communication/srv/_package.lisp, /home/thulson/catkin_ws/devel/share/common-lisp/ros/mycobot_320_communication/srv/_package.lisp)
Linked: (/home/thulson/catkin_ws/devel/.private/mycobot_320_communication/share/common-lisp/ros/mycobot_320_communication/srv/GripperStatus.lisp, /home/thulson/catkin_ws/devel/share/common-lisp/ros/mycobot_320_communication/srv/GripperStatus.lisp)
Linked: (/home/thulson/catkin_ws/devel/.private/mycobot_320_communication/share/common-lisp/ros/mycobot_320_communication/srv/_package_SetCoords.lisp, /home/thulson/catkin_ws/devel/share/common-lisp/ros/mycobot_320_communication/srv/_package_SetCoords.lisp)
Linked: (/home/thulson/catkin_ws/devel/.private/mycobot_320_communication/share/common-lisp/ros/mycobot_320_communication/srv/_package_GetCoords.lisp, /home/thulson/catkin_ws/devel/share/common-lisp/ros/mycobot_320_communication/srv/_package_GetCoords.lisp)
Linked: (/home/thulson/catkin_ws/devel/.private/mycobot_320_communication/share/common-lisp/ros/mycobot_320_communication/srv/GetAngles.lisp, /home/thulson/catkin_ws/devel/share/common-lisp/ros/mycobot_320_communication/srv/GetAngles.lisp)
Linked: (/home/thulson/catkin_ws/devel/.private/mycobot_320_communication/share/common-lisp/ros/mycobot_320_communication/srv/mycobot_320_communication-srv.asd, /home/thulson/catkin_ws/devel/share/common-lisp/ros/mycobot_320_communication/srv/mycobot_320_communication-srv.asd)
Linked: (/home/thulson/catkin_ws/devel/.private/mycobot_320_communication/share/common-lisp/ros/mycobot_320_communication/srv/SetCoords.lisp, /home/thulson/catkin_ws/devel/share/common-lisp/ros/mycobot_320_communication/srv/SetCoords.lisp)
Linked: (/home/thulson/catkin_ws/devel/.private/mycobot_320_communication/share/common-lisp/ros/mycobot_320_communication/srv/_package_GripperStatus.lisp, /home/thulson/catkin_ws/devel/share/common-lisp/ros/mycobot_320_communication/srv/_package_GripperStatus.lisp)
Linked: (/home/thulson/catkin_ws/devel/.private/mycobot_320_communication/share/common-lisp/ros/mycobot_320_communication/srv/GetCoords.lisp, /home/thulson/catkin_ws/devel/share/common-lisp/ros/mycobot_320_communication/srv/GetCoords.lisp)
Linked: (/home/thulson/catkin_ws/devel/.private/mycobot_320_communication/share/common-lisp/ros/mycobot_320_communication/srv/PumpStatus.lisp, /home/thulson/catkin_ws/devel/share/common-lisp/ros/mycobot_320_communication/srv/PumpStatus.lisp)
Linked: (/home/thulson/catkin_ws/devel/.private/mycobot_320_communication/share/common-lisp/ros/mycobot_320_communication/msg/_package_MycobotAngles.lisp, /home/thulson/catkin_ws/devel/share/common-lisp/ros/mycobot_320_communication/msg/_package_MycobotAngles.lisp)
Linked: (/home/thulson/catkin_ws/devel/.private/mycobot_320_communication/share/common-lisp/ros/mycobot_320_communication/msg/_package_MycobotSetAngles.lisp, /home/thulson/catkin_ws/devel/share/common-lisp/ros/mycobot_320_communication/msg/_package_MycobotSetAngles.lisp)
Linked: (/home/thulson/catkin_ws/devel/.private/mycobot_320_communication/share/common-lisp/ros/mycobot_320_communication/msg/MycobotAngles.lisp, /home/thulson/catkin_ws/devel/share/common-lisp/ros/mycobot_320_communication/msg/MycobotAngles.lisp)
Linked: (/home/thulson/catkin_ws/devel/.private/mycobot_320_communication/share/common-lisp/ros/mycobot_320_communication/msg/_package.lisp, /home/thulson/catkin_ws/devel/share/common-lisp/ros/mycobot_320_communication/msg/_package.lisp)
Linked: (/home/thulson/catkin_ws/devel/.private/mycobot_320_communication/share/common-lisp/ros/mycobot_320_communication/msg/MycobotCoords.lisp, /home/thulson/catkin_ws/devel/share/common-lisp/ros/mycobot_320_communication/msg/MycobotCoords.lisp)
Linked: (/home/thulson/catkin_ws/devel/.private/mycobot_320_communication/share/common-lisp/ros/mycobot_320_communication/msg/_package_MycobotSetCoords.lisp, /home/thulson/catkin_ws/devel/share/common-lisp/ros/mycobot_320_communication/msg/_package_MycobotSetCoords.lisp)
Linked: (/home/thulson/catkin_ws/devel/.private/mycobot_320_communication/share/common-lisp/ros/mycobot_320_communication/msg/mycobot_320_communication-msg.asd, /home/thulson/catkin_ws/devel/share/common-lisp/ros/mycobot_320_communication/msg/mycobot_320_communication-msg.asd)
Linked: (/home/thulson/catkin_ws/devel/.private/mycobot_320_communication/share/common-lisp/ros/mycobot_320_communication/msg/MycobotSetAngles.lisp, /home/thulson/catkin_ws/devel/share/common-lisp/ros/mycobot_320_communication/msg/MycobotSetAngles.lisp)
Linked: (/home/thulson/catkin_ws/devel/.private/mycobot_320_communication/share/common-lisp/ros/mycobot_320_communication/msg/_package_MycobotPumpStatus.lisp, /home/thulson/catkin_ws/devel/share/common-lisp/ros/mycobot_320_communication/msg/_package_MycobotPumpStatus.lisp)
Linked: (/home/thulson/catkin_ws/devel/.private/mycobot_320_communication/share/common-lisp/ros/mycobot_320_communication/msg/_package_MycobotCoords.lisp, /home/thulson/catkin_ws/devel/share/common-lisp/ros/mycobot_320_communication/msg/_package_MycobotCoords.lisp)
Linked: (/home/thulson/catkin_ws/devel/.private/mycobot_320_communication/share/common-lisp/ros/mycobot_320_communication/msg/_package_MycobotGripperStatus.lisp, /home/thulson/catkin_ws/devel/share/common-lisp/ros/mycobot_320_communication/msg/_package_MycobotGripperStatus.lisp)
Linked: (/home/thulson/catkin_ws/devel/.private/mycobot_320_communication/share/common-lisp/ros/mycobot_320_communication/msg/MycobotSetCoords.lisp, /home/thulson/catkin_ws/devel/share/common-lisp/ros/mycobot_320_communication/msg/MycobotSetCoords.lisp)
Linked: (/home/thulson/catkin_ws/devel/.private/mycobot_320_communication/share/common-lisp/ros/mycobot_320_communication/msg/MycobotGripperStatus.lisp, /home/thulson/catkin_ws/devel/share/common-lisp/ros/mycobot_320_communication/msg/MycobotGripperStatus.lisp)
Linked: (/home/thulson/catkin_ws/devel/.private/mycobot_320_communication/share/common-lisp/ros/mycobot_320_communication/msg/MycobotPumpStatus.lisp, /home/thulson/catkin_ws/devel/share/common-lisp/ros/mycobot_320_communication/msg/MycobotPumpStatus.lisp)
Linked: (/home/thulson/catkin_ws/devel/.private/mycobot_320_communication/share/roseus/ros/mycobot_320_communication/manifest.l, /home/thulson/catkin_ws/devel/share/roseus/ros/mycobot_320_communication/manifest.l)
Linked: (/home/thulson/catkin_ws/devel/.private/mycobot_320_communication/share/roseus/ros/mycobot_320_communication/srv/GetAngles.l, /home/thulson/catkin_ws/devel/share/roseus/ros/mycobot_320_communication/srv/GetAngles.l)
Linked: (/home/thulson/catkin_ws/devel/.private/mycobot_320_communication/share/roseus/ros/mycobot_320_communication/srv/GetCoords.l, /home/thulson/catkin_ws/devel/share/roseus/ros/mycobot_320_communication/srv/GetCoords.l)
Linked: (/home/thulson/catkin_ws/devel/.private/mycobot_320_communication/share/roseus/ros/mycobot_320_communication/srv/GripperStatus.l, /home/thulson/catkin_ws/devel/share/roseus/ros/mycobot_320_communication/srv/GripperStatus.l)
Linked: (/home/thulson/catkin_ws/devel/.private/mycobot_320_communication/share/roseus/ros/mycobot_320_communication/srv/SetAngles.l, /home/thulson/catkin_ws/devel/share/roseus/ros/mycobot_320_communication/srv/SetAngles.l)
Linked: (/home/thulson/catkin_ws/devel/.private/mycobot_320_communication/share/roseus/ros/mycobot_320_communication/srv/SetCoords.l, /home/thulson/catkin_ws/devel/share/roseus/ros/mycobot_320_communication/srv/SetCoords.l)
Linked: (/home/thulson/catkin_ws/devel/.private/mycobot_320_communication/share/roseus/ros/mycobot_320_communication/srv/PumpStatus.l, /home/thulson/catkin_ws/devel/share/roseus/ros/mycobot_320_communication/srv/PumpStatus.l)
Linked: (/home/thulson/catkin_ws/devel/.private/mycobot_320_communication/share/roseus/ros/mycobot_320_communication/msg/MycobotCoords.l, /home/thulson/catkin_ws/devel/share/roseus/ros/mycobot_320_communication/msg/MycobotCoords.l)
Linked: (/home/thulson/catkin_ws/devel/.private/mycobot_320_communication/share/roseus/ros/mycobot_320_communication/msg/MycobotSetAngles.l, /home/thulson/catkin_ws/devel/share/roseus/ros/mycobot_320_communication/msg/MycobotSetAngles.l)
Linked: (/home/thulson/catkin_ws/devel/.private/mycobot_320_communication/share/roseus/ros/mycobot_320_communication/msg/MycobotPumpStatus.l, /home/thulson/catkin_ws/devel/share/roseus/ros/mycobot_320_communication/msg/MycobotPumpStatus.l)
Linked: (/home/thulson/catkin_ws/devel/.private/mycobot_320_communication/share/roseus/ros/mycobot_320_communication/msg/MycobotSetCoords.l, /home/thulson/catkin_ws/devel/share/roseus/ros/mycobot_320_communication/msg/MycobotSetCoords.l)
Linked: (/home/thulson/catkin_ws/devel/.private/mycobot_320_communication/share/roseus/ros/mycobot_320_communication/msg/MycobotGripperStatus.l, /home/thulson/catkin_ws/devel/share/roseus/ros/mycobot_320_communication/msg/MycobotGripperStatus.l)
Linked: (/home/thulson/catkin_ws/devel/.private/mycobot_320_communication/share/roseus/ros/mycobot_320_communication/msg/MycobotAngles.l, /home/thulson/catkin_ws/devel/share/roseus/ros/mycobot_320_communication/msg/MycobotAngles.l)
Linked: (/home/thulson/catkin_ws/devel/.private/mycobot_320_communication/share/gennodejs/ros/mycobot_320_communication/_index.js, /home/thulson/catkin_ws/devel/share/gennodejs/ros/mycobot_320_communication/_index.js)
Linked: (/home/thulson/catkin_ws/devel/.private/mycobot_320_communication/share/gennodejs/ros/mycobot_320_communication/srv/GetAngles.js, /home/thulson/catkin_ws/devel/share/gennodejs/ros/mycobot_320_communication/srv/GetAngles.js)
Linked: (/home/thulson/catkin_ws/devel/.private/mycobot_320_communication/share/gennodejs/ros/mycobot_320_communication/srv/_index.js, /home/thulson/catkin_ws/devel/share/gennodejs/ros/mycobot_320_communication/srv/_index.js)
Linked: (/home/thulson/catkin_ws/devel/.private/mycobot_320_communication/share/gennodejs/ros/mycobot_320_communication/srv/SetAngles.js, /home/thulson/catkin_ws/devel/share/gennodejs/ros/mycobot_320_communication/srv/SetAngles.js)
Linked: (/home/thulson/catkin_ws/devel/.private/mycobot_320_communication/share/gennodejs/ros/mycobot_320_communication/srv/GetCoords.js, /home/thulson/catkin_ws/devel/share/gennodejs/ros/mycobot_320_communication/srv/GetCoords.js)
Linked: (/home/thulson/catkin_ws/devel/.private/mycobot_320_communication/share/gennodejs/ros/mycobot_320_communication/srv/SetCoords.js, /home/thulson/catkin_ws/devel/share/gennodejs/ros/mycobot_320_communication/srv/SetCoords.js)
Linked: (/home/thulson/catkin_ws/devel/.private/mycobot_320_communication/share/gennodejs/ros/mycobot_320_communication/srv/PumpStatus.js, /home/thulson/catkin_ws/devel/share/gennodejs/ros/mycobot_320_communication/srv/PumpStatus.js)
Linked: (/home/thulson/catkin_ws/devel/.private/mycobot_320_communication/share/gennodejs/ros/mycobot_320_communication/srv/GripperStatus.js, /home/thulson/catkin_ws/devel/share/gennodejs/ros/mycobot_320_communication/srv/GripperStatus.js)
Linked: (/home/thulson/catkin_ws/devel/.private/mycobot_320_communication/share/gennodejs/ros/mycobot_320_communication/msg/_index.js, /home/thulson/catkin_ws/devel/share/gennodejs/ros/mycobot_320_communication/msg/_index.js)
Linked: (/home/thulson/catkin_ws/devel/.private/mycobot_320_communication/share/gennodejs/ros/mycobot_320_communication/msg/MycobotGripperStatus.js, /home/thulson/catkin_ws/devel/share/gennodejs/ros/mycobot_320_communication/msg/MycobotGripperStatus.js)
Linked: (/home/thulson/catkin_ws/devel/.private/mycobot_320_communication/share/gennodejs/ros/mycobot_320_communication/msg/MycobotAngles.js, /home/thulson/catkin_ws/devel/share/gennodejs/ros/mycobot_320_communication/msg/MycobotAngles.js)
Linked: (/home/thulson/catkin_ws/devel/.private/mycobot_320_communication/share/gennodejs/ros/mycobot_320_communication/msg/MycobotSetCoords.js, /home/thulson/catkin_ws/devel/share/gennodejs/ros/mycobot_320_communication/msg/MycobotSetCoords.js)
Linked: (/home/thulson/catkin_ws/devel/.private/mycobot_320_communication/share/gennodejs/ros/mycobot_320_communication/msg/MycobotCoords.js, /home/thulson/catkin_ws/devel/share/gennodejs/ros/mycobot_320_communication/msg/MycobotCoords.js)
Linked: (/home/thulson/catkin_ws/devel/.private/mycobot_320_communication/share/gennodejs/ros/mycobot_320_communication/msg/MycobotSetAngles.js, /home/thulson/catkin_ws/devel/share/gennodejs/ros/mycobot_320_communication/msg/MycobotSetAngles.js)
Linked: (/home/thulson/catkin_ws/devel/.private/mycobot_320_communication/share/gennodejs/ros/mycobot_320_communication/msg/MycobotPumpStatus.js, /home/thulson/catkin_ws/devel/share/gennodejs/ros/mycobot_320_communication/msg/MycobotPumpStatus.js)
