Linked: (/home/thulson/catkin_ws/devel/.private/cobotx_a450_communication/lib/python3/dist-packages/cobotx_a450_communication/__init__.py, /home/thulson/catkin_ws/devel/lib/python3/dist-packages/cobotx_a450_communication/__init__.py)
Linked: (/home/thulson/catkin_ws/devel/.private/cobotx_a450_communication/lib/python3/dist-packages/cobotx_a450_communication/srv/_SetAngles.py, /home/thulson/catkin_ws/devel/lib/python3/dist-packages/cobotx_a450_communication/srv/_SetAngles.py)
Linked: (/home/thulson/catkin_ws/devel/.private/cobotx_a450_communication/lib/python3/dist-packages/cobotx_a450_communication/srv/_GetCoords.py, /home/thulson/catkin_ws/devel/lib/python3/dist-packages/cobotx_a450_communication/srv/_GetCoords.py)
Linked: (/home/thulson/catkin_ws/devel/.private/cobotx_a450_communication/lib/python3/dist-packages/cobotx_a450_communication/srv/_GripperStatus.py, /home/thulson/catkin_ws/devel/lib/python3/dist-packages/cobotx_a450_communication/srv/_GripperStatus.py)
Linked: (/home/thulson/catkin_ws/devel/.private/cobotx_a450_communication/lib/python3/dist-packages/cobotx_a450_communication/srv/_SetCoords.py, /home/thulson/catkin_ws/devel/lib/python3/dist-packages/cobotx_a450_communication/srv/_SetCoords.py)
Linked: (/home/thulson/catkin_ws/devel/.private/cobotx_a450_communication/lib/python3/dist-packages/cobotx_a450_communication/srv/_PumpStatus.py, /home/thulson/catkin_ws/devel/lib/python3/dist-packages/cobotx_a450_communication/srv/_PumpStatus.py)
Linked: (/home/thulson/catkin_ws/devel/.private/cobotx_a450_communication/lib/python3/dist-packages/cobotx_a450_communication/srv/_GetAngles.py, /home/thulson/catkin_ws/devel/lib/python3/dist-packages/cobotx_a450_communication/srv/_GetAngles.py)
Linked: (/home/thulson/catkin_ws/devel/.private/cobotx_a450_communication/lib/python3/dist-packages/cobotx_a450_communication/srv/__init__.py, /home/thulson/catkin_ws/devel/lib/python3/dist-packages/cobotx_a450_communication/srv/__init__.py)
Linked: (/home/thulson/catkin_ws/devel/.private/cobotx_a450_communication/lib/python3/dist-packages/cobotx_a450_communication/msg/_CobotXGripperStatus.py, /home/thulson/catkin_ws/devel/lib/python3/dist-packages/cobotx_a450_communication/msg/_CobotXGripperStatus.py)
Linked: (/home/thulson/catkin_ws/devel/.private/cobotx_a450_communication/lib/python3/dist-packages/cobotx_a450_communication/msg/_CobotXAngles.py, /home/thulson/catkin_ws/devel/lib/python3/dist-packages/cobotx_a450_communication/msg/_CobotXAngles.py)
Linked: (/home/thulson/catkin_ws/devel/.private/cobotx_a450_communication/lib/python3/dist-packages/cobotx_a450_communication/msg/_CobotXSetCoords.py, /home/thulson/catkin_ws/devel/lib/python3/dist-packages/cobotx_a450_communication/msg/_CobotXSetCoords.py)
Linked: (/home/thulson/catkin_ws/devel/.private/cobotx_a450_communication/lib/python3/dist-packages/cobotx_a450_communication/msg/_CobotXCoords.py, /home/thulson/catkin_ws/devel/lib/python3/dist-packages/cobotx_a450_communication/msg/_CobotXCoords.py)
Linked: (/home/thulson/catkin_ws/devel/.private/cobotx_a450_communication/lib/python3/dist-packages/cobotx_a450_communication/msg/_CobotXPumpStatus.py, /home/thulson/catkin_ws/devel/lib/python3/dist-packages/cobotx_a450_communication/msg/_CobotXPumpStatus.py)
Linked: (/home/thulson/catkin_ws/devel/.private/cobotx_a450_communication/lib/python3/dist-packages/cobotx_a450_communication/msg/_CobotXSetAngles.py, /home/thulson/catkin_ws/devel/lib/python3/dist-packages/cobotx_a450_communication/msg/_CobotXSetAngles.py)
Linked: (/home/thulson/catkin_ws/devel/.private/cobotx_a450_communication/lib/python3/dist-packages/cobotx_a450_communication/msg/__init__.py, /home/thulson/catkin_ws/devel/lib/python3/dist-packages/cobotx_a450_communication/msg/__init__.py)
Linked: (/home/thulson/catkin_ws/devel/.private/cobotx_a450_communication/lib/pkgconfig/cobotx_a450_communication.pc, /home/thulson/catkin_ws/devel/lib/pkgconfig/cobotx_a450_communication.pc)
Linked: (/home/thulson/catkin_ws/devel/.private/cobotx_a450_communication/lib/cobotx_a450_communication/cmake.lock, /home/thulson/catkin_ws/devel/lib/cobotx_a450_communication/cmake.lock)
Linked: (/home/thulson/catkin_ws/devel/.private/cobotx_a450_communication/lib/cobotx_a450_communication/cobotx_services.py, /home/thulson/catkin_ws/devel/lib/cobotx_a450_communication/cobotx_services.py)
Linked: (/home/thulson/catkin_ws/devel/.private/cobotx_a450_communication/lib/cobotx_a450_communication/cobotx_topics.py, /home/thulson/catkin_ws/devel/lib/cobotx_a450_communication/cobotx_topics.py)
Linked: (/home/thulson/catkin_ws/devel/.private/cobotx_a450_communication/include/cobotx_a450_communication/SetAnglesResponse.h, /home/thulson/catkin_ws/devel/include/cobotx_a450_communication/SetAnglesResponse.h)
Linked: (/home/thulson/catkin_ws/devel/.private/cobotx_a450_communication/include/cobotx_a450_communication/GetCoordsResponse.h, /home/thulson/catkin_ws/devel/include/cobotx_a450_communication/GetCoordsResponse.h)
Linked: (/home/thulson/catkin_ws/devel/.private/cobotx_a450_communication/include/cobotx_a450_communication/CobotXCoords.h, /home/thulson/catkin_ws/devel/include/cobotx_a450_communication/CobotXCoords.h)
Linked: (/home/thulson/catkin_ws/devel/.private/cobotx_a450_communication/include/cobotx_a450_communication/CobotXGripperStatus.h, /home/thulson/catkin_ws/devel/include/cobotx_a450_communication/CobotXGripperStatus.h)
Linked: (/home/thulson/catkin_ws/devel/.private/cobotx_a450_communication/include/cobotx_a450_communication/PumpStatusRequest.h, /home/thulson/catkin_ws/devel/include/cobotx_a450_communication/PumpStatusRequest.h)
Linked: (/home/thulson/catkin_ws/devel/.private/cobotx_a450_communication/include/cobotx_a450_communication/SetCoords.h, /home/thulson/catkin_ws/devel/include/cobotx_a450_communication/SetCoords.h)
Linked: (/home/thulson/catkin_ws/devel/.private/cobotx_a450_communication/include/cobotx_a450_communication/GetAnglesRequest.h, /home/thulson/catkin_ws/devel/include/cobotx_a450_communication/GetAnglesRequest.h)
Linked: (/home/thulson/catkin_ws/devel/.private/cobotx_a450_communication/include/cobotx_a450_communication/CobotXSetAngles.h, /home/thulson/catkin_ws/devel/include/cobotx_a450_communication/CobotXSetAngles.h)
Linked: (/home/thulson/catkin_ws/devel/.private/cobotx_a450_communication/include/cobotx_a450_communication/GetCoords.h, /home/thulson/catkin_ws/devel/include/cobotx_a450_communication/GetCoords.h)
Linked: (/home/thulson/catkin_ws/devel/.private/cobotx_a450_communication/include/cobotx_a450_communication/GripperStatus.h, /home/thulson/catkin_ws/devel/include/cobotx_a450_communication/GripperStatus.h)
Linked: (/home/thulson/catkin_ws/devel/.private/cobotx_a450_communication/include/cobotx_a450_communication/PumpStatus.h, /home/thulson/catkin_ws/devel/include/cobotx_a450_communication/PumpStatus.h)
Linked: (/home/thulson/catkin_ws/devel/.private/cobotx_a450_communication/include/cobotx_a450_communication/SetAnglesRequest.h, /home/thulson/catkin_ws/devel/include/cobotx_a450_communication/SetAnglesRequest.h)
Linked: (/home/thulson/catkin_ws/devel/.private/cobotx_a450_communication/include/cobotx_a450_communication/CobotXPumpStatus.h, /home/thulson/catkin_ws/devel/include/cobotx_a450_communication/CobotXPumpStatus.h)
Linked: (/home/thulson/catkin_ws/devel/.private/cobotx_a450_communication/include/cobotx_a450_communication/GetAngles.h, /home/thulson/catkin_ws/devel/include/cobotx_a450_communication/GetAngles.h)
Linked: (/home/thulson/catkin_ws/devel/.private/cobotx_a450_communication/include/cobotx_a450_communication/SetCoordsRequest.h, /home/thulson/catkin_ws/devel/include/cobotx_a450_communication/SetCoordsRequest.h)
Linked: (/home/thulson/catkin_ws/devel/.private/cobotx_a450_communication/include/cobotx_a450_communication/CobotXAngles.h, /home/thulson/catkin_ws/devel/include/cobotx_a450_communication/CobotXAngles.h)
Linked: (/home/thulson/catkin_ws/devel/.private/cobotx_a450_communication/include/cobotx_a450_communication/GripperStatusRequest.h, /home/thulson/catkin_ws/devel/include/cobotx_a450_communication/GripperStatusRequest.h)
Linked: (/home/thulson/catkin_ws/devel/.private/cobotx_a450_communication/include/cobotx_a450_communication/CobotXSetCoords.h, /home/thulson/catkin_ws/devel/include/cobotx_a450_communication/CobotXSetCoords.h)
Linked: (/home/thulson/catkin_ws/devel/.private/cobotx_a450_communication/include/cobotx_a450_communication/GetCoordsRequest.h, /home/thulson/catkin_ws/devel/include/cobotx_a450_communication/GetCoordsRequest.h)
Linked: (/home/thulson/catkin_ws/devel/.private/cobotx_a450_communication/include/cobotx_a450_communication/SetCoordsResponse.h, /home/thulson/catkin_ws/devel/include/cobotx_a450_communication/SetCoordsResponse.h)
Linked: (/home/thulson/catkin_ws/devel/.private/cobotx_a450_communication/include/cobotx_a450_communication/GetAnglesResponse.h, /home/thulson/catkin_ws/devel/include/cobotx_a450_communication/GetAnglesResponse.h)
Linked: (/home/thulson/catkin_ws/devel/.private/cobotx_a450_communication/include/cobotx_a450_communication/PumpStatusResponse.h, /home/thulson/catkin_ws/devel/include/cobotx_a450_communication/PumpStatusResponse.h)
Linked: (/home/thulson/catkin_ws/devel/.private/cobotx_a450_communication/include/cobotx_a450_communication/GripperStatusResponse.h, /home/thulson/catkin_ws/devel/include/cobotx_a450_communication/GripperStatusResponse.h)
Linked: (/home/thulson/catkin_ws/devel/.private/cobotx_a450_communication/include/cobotx_a450_communication/SetAngles.h, /home/thulson/catkin_ws/devel/include/cobotx_a450_communication/SetAngles.h)
Linked: (/home/thulson/catkin_ws/devel/.private/cobotx_a450_communication/share/cobotx_a450_communication/cmake/cobotx_a450_communication-msg-extras.cmake, /home/thulson/catkin_ws/devel/share/cobotx_a450_communication/cmake/cobotx_a450_communication-msg-extras.cmake)
Linked: (/home/thulson/catkin_ws/devel/.private/cobotx_a450_communication/share/cobotx_a450_communication/cmake/cobotx_a450_communicationConfig-version.cmake, /home/thulson/catkin_ws/devel/share/cobotx_a450_communication/cmake/cobotx_a450_communicationConfig-version.cmake)
Linked: (/home/thulson/catkin_ws/devel/.private/cobotx_a450_communication/share/cobotx_a450_communication/cmake/cobotx_a450_communicationConfig.cmake, /home/thulson/catkin_ws/devel/share/cobotx_a450_communication/cmake/cobotx_a450_communicationConfig.cmake)
Linked: (/home/thulson/catkin_ws/devel/.private/cobotx_a450_communication/share/cobotx_a450_communication/cmake/cobotx_a450_communication-msg-paths.cmake, /home/thulson/catkin_ws/devel/share/cobotx_a450_communication/cmake/cobotx_a450_communication-msg-paths.cmake)
Linked: (/home/thulson/catkin_ws/devel/.private/cobotx_a450_communication/share/common-lisp/ros/cobotx_a450_communication/srv/_package_PumpStatus.lisp, /home/thulson/catkin_ws/devel/share/common-lisp/ros/cobotx_a450_communication/srv/_package_PumpStatus.lisp)
Linked: (/home/thulson/catkin_ws/devel/.private/cobotx_a450_communication/share/common-lisp/ros/cobotx_a450_communication/srv/_package_SetAngles.lisp, /home/thulson/catkin_ws/devel/share/common-lisp/ros/cobotx_a450_communication/srv/_package_SetAngles.lisp)
Linked: (/home/thulson/catkin_ws/devel/.private/cobotx_a450_communication/share/common-lisp/ros/cobotx_a450_communication/srv/SetAngles.lisp, /home/thulson/catkin_ws/devel/share/common-lisp/ros/cobotx_a450_communication/srv/SetAngles.lisp)
Linked: (/home/thulson/catkin_ws/devel/.private/cobotx_a450_communication/share/common-lisp/ros/cobotx_a450_communication/srv/_package_GetAngles.lisp, /home/thulson/catkin_ws/devel/share/common-lisp/ros/cobotx_a450_communication/srv/_package_GetAngles.lisp)
Linked: (/home/thulson/catkin_ws/devel/.private/cobotx_a450_communication/share/common-lisp/ros/cobotx_a450_communication/srv/_package.lisp, /home/thulson/catkin_ws/devel/share/common-lisp/ros/cobotx_a450_communication/srv/_package.lisp)
Linked: (/home/thulson/catkin_ws/devel/.private/cobotx_a450_communication/share/common-lisp/ros/cobotx_a450_communication/srv/GripperStatus.lisp, /home/thulson/catkin_ws/devel/share/common-lisp/ros/cobotx_a450_communication/srv/GripperStatus.lisp)
Linked: (/home/thulson/catkin_ws/devel/.private/cobotx_a450_communication/share/common-lisp/ros/cobotx_a450_communication/srv/cobotx_a450_communication-srv.asd, /home/thulson/catkin_ws/devel/share/common-lisp/ros/cobotx_a450_communication/srv/cobotx_a450_communication-srv.asd)
Linked: (/home/thulson/catkin_ws/devel/.private/cobotx_a450_communication/share/common-lisp/ros/cobotx_a450_communication/srv/_package_SetCoords.lisp, /home/thulson/catkin_ws/devel/share/common-lisp/ros/cobotx_a450_communication/srv/_package_SetCoords.lisp)
Linked: (/home/thulson/catkin_ws/devel/.private/cobotx_a450_communication/share/common-lisp/ros/cobotx_a450_communication/srv/_package_GetCoords.lisp, /home/thulson/catkin_ws/devel/share/common-lisp/ros/cobotx_a450_communication/srv/_package_GetCoords.lisp)
Linked: (/home/thulson/catkin_ws/devel/.private/cobotx_a450_communication/share/common-lisp/ros/cobotx_a450_communication/srv/GetAngles.lisp, /home/thulson/catkin_ws/devel/share/common-lisp/ros/cobotx_a450_communication/srv/GetAngles.lisp)
Linked: (/home/thulson/catkin_ws/devel/.private/cobotx_a450_communication/share/common-lisp/ros/cobotx_a450_communication/srv/SetCoords.lisp, /home/thulson/catkin_ws/devel/share/common-lisp/ros/cobotx_a450_communication/srv/SetCoords.lisp)
Linked: (/home/thulson/catkin_ws/devel/.private/cobotx_a450_communication/share/common-lisp/ros/cobotx_a450_communication/srv/_package_GripperStatus.lisp, /home/thulson/catkin_ws/devel/share/common-lisp/ros/cobotx_a450_communication/srv/_package_GripperStatus.lisp)
Linked: (/home/thulson/catkin_ws/devel/.private/cobotx_a450_communication/share/common-lisp/ros/cobotx_a450_communication/srv/GetCoords.lisp, /home/thulson/catkin_ws/devel/share/common-lisp/ros/cobotx_a450_communication/srv/GetCoords.lisp)
Linked: (/home/thulson/catkin_ws/devel/.private/cobotx_a450_communication/share/common-lisp/ros/cobotx_a450_communication/srv/PumpStatus.lisp, /home/thulson/catkin_ws/devel/share/common-lisp/ros/cobotx_a450_communication/srv/PumpStatus.lisp)
Linked: (/home/thulson/catkin_ws/devel/.private/cobotx_a450_communication/share/common-lisp/ros/cobotx_a450_communication/msg/CobotXAngles.lisp, /home/thulson/catkin_ws/devel/share/common-lisp/ros/cobotx_a450_communication/msg/CobotXAngles.lisp)
Linked: (/home/thulson/catkin_ws/devel/.private/cobotx_a450_communication/share/common-lisp/ros/cobotx_a450_communication/msg/CobotXCoords.lisp, /home/thulson/catkin_ws/devel/share/common-lisp/ros/cobotx_a450_communication/msg/CobotXCoords.lisp)
Linked: (/home/thulson/catkin_ws/devel/.private/cobotx_a450_communication/share/common-lisp/ros/cobotx_a450_communication/msg/_package.lisp, /home/thulson/catkin_ws/devel/share/common-lisp/ros/cobotx_a450_communication/msg/_package.lisp)
Linked: (/home/thulson/catkin_ws/devel/.private/cobotx_a450_communication/share/common-lisp/ros/cobotx_a450_communication/msg/_package_CobotXSetCoords.lisp, /home/thulson/catkin_ws/devel/share/common-lisp/ros/cobotx_a450_communication/msg/_package_CobotXSetCoords.lisp)
Linked: (/home/thulson/catkin_ws/devel/.private/cobotx_a450_communication/share/common-lisp/ros/cobotx_a450_communication/msg/_package_CobotXSetAngles.lisp, /home/thulson/catkin_ws/devel/share/common-lisp/ros/cobotx_a450_communication/msg/_package_CobotXSetAngles.lisp)
Linked: (/home/thulson/catkin_ws/devel/.private/cobotx_a450_communication/share/common-lisp/ros/cobotx_a450_communication/msg/_package_CobotXCoords.lisp, /home/thulson/catkin_ws/devel/share/common-lisp/ros/cobotx_a450_communication/msg/_package_CobotXCoords.lisp)
Linked: (/home/thulson/catkin_ws/devel/.private/cobotx_a450_communication/share/common-lisp/ros/cobotx_a450_communication/msg/_package_CobotXGripperStatus.lisp, /home/thulson/catkin_ws/devel/share/common-lisp/ros/cobotx_a450_communication/msg/_package_CobotXGripperStatus.lisp)
Linked: (/home/thulson/catkin_ws/devel/.private/cobotx_a450_communication/share/common-lisp/ros/cobotx_a450_communication/msg/CobotXPumpStatus.lisp, /home/thulson/catkin_ws/devel/share/common-lisp/ros/cobotx_a450_communication/msg/CobotXPumpStatus.lisp)
Linked: (/home/thulson/catkin_ws/devel/.private/cobotx_a450_communication/share/common-lisp/ros/cobotx_a450_communication/msg/_package_CobotXAngles.lisp, /home/thulson/catkin_ws/devel/share/common-lisp/ros/cobotx_a450_communication/msg/_package_CobotXAngles.lisp)
Linked: (/home/thulson/catkin_ws/devel/.private/cobotx_a450_communication/share/common-lisp/ros/cobotx_a450_communication/msg/_package_CobotXPumpStatus.lisp, /home/thulson/catkin_ws/devel/share/common-lisp/ros/cobotx_a450_communication/msg/_package_CobotXPumpStatus.lisp)
Linked: (/home/thulson/catkin_ws/devel/.private/cobotx_a450_communication/share/common-lisp/ros/cobotx_a450_communication/msg/CobotXGripperStatus.lisp, /home/thulson/catkin_ws/devel/share/common-lisp/ros/cobotx_a450_communication/msg/CobotXGripperStatus.lisp)
Linked: (/home/thulson/catkin_ws/devel/.private/cobotx_a450_communication/share/common-lisp/ros/cobotx_a450_communication/msg/cobotx_a450_communication-msg.asd, /home/thulson/catkin_ws/devel/share/common-lisp/ros/cobotx_a450_communication/msg/cobotx_a450_communication-msg.asd)
Linked: (/home/thulson/catkin_ws/devel/.private/cobotx_a450_communication/share/common-lisp/ros/cobotx_a450_communication/msg/CobotXSetAngles.lisp, /home/thulson/catkin_ws/devel/share/common-lisp/ros/cobotx_a450_communication/msg/CobotXSetAngles.lisp)
Linked: (/home/thulson/catkin_ws/devel/.private/cobotx_a450_communication/share/common-lisp/ros/cobotx_a450_communication/msg/CobotXSetCoords.lisp, /home/thulson/catkin_ws/devel/share/common-lisp/ros/cobotx_a450_communication/msg/CobotXSetCoords.lisp)
Linked: (/home/thulson/catkin_ws/devel/.private/cobotx_a450_communication/share/roseus/ros/cobotx_a450_communication/manifest.l, /home/thulson/catkin_ws/devel/share/roseus/ros/cobotx_a450_communication/manifest.l)
Linked: (/home/thulson/catkin_ws/devel/.private/cobotx_a450_communication/share/roseus/ros/cobotx_a450_communication/srv/GetAngles.l, /home/thulson/catkin_ws/devel/share/roseus/ros/cobotx_a450_communication/srv/GetAngles.l)
Linked: (/home/thulson/catkin_ws/devel/.private/cobotx_a450_communication/share/roseus/ros/cobotx_a450_communication/srv/GetCoords.l, /home/thulson/catkin_ws/devel/share/roseus/ros/cobotx_a450_communication/srv/GetCoords.l)
Linked: (/home/thulson/catkin_ws/devel/.private/cobotx_a450_communication/share/roseus/ros/cobotx_a450_communication/srv/GripperStatus.l, /home/thulson/catkin_ws/devel/share/roseus/ros/cobotx_a450_communication/srv/GripperStatus.l)
Linked: (/home/thulson/catkin_ws/devel/.private/cobotx_a450_communication/share/roseus/ros/cobotx_a450_communication/srv/SetAngles.l, /home/thulson/catkin_ws/devel/share/roseus/ros/cobotx_a450_communication/srv/SetAngles.l)
Linked: (/home/thulson/catkin_ws/devel/.private/cobotx_a450_communication/share/roseus/ros/cobotx_a450_communication/srv/SetCoords.l, /home/thulson/catkin_ws/devel/share/roseus/ros/cobotx_a450_communication/srv/SetCoords.l)
Linked: (/home/thulson/catkin_ws/devel/.private/cobotx_a450_communication/share/roseus/ros/cobotx_a450_communication/srv/PumpStatus.l, /home/thulson/catkin_ws/devel/share/roseus/ros/cobotx_a450_communication/srv/PumpStatus.l)
Linked: (/home/thulson/catkin_ws/devel/.private/cobotx_a450_communication/share/roseus/ros/cobotx_a450_communication/msg/CobotXSetCoords.l, /home/thulson/catkin_ws/devel/share/roseus/ros/cobotx_a450_communication/msg/CobotXSetCoords.l)
Linked: (/home/thulson/catkin_ws/devel/.private/cobotx_a450_communication/share/roseus/ros/cobotx_a450_communication/msg/CobotXCoords.l, /home/thulson/catkin_ws/devel/share/roseus/ros/cobotx_a450_communication/msg/CobotXCoords.l)
Linked: (/home/thulson/catkin_ws/devel/.private/cobotx_a450_communication/share/roseus/ros/cobotx_a450_communication/msg/CobotXSetAngles.l, /home/thulson/catkin_ws/devel/share/roseus/ros/cobotx_a450_communication/msg/CobotXSetAngles.l)
Linked: (/home/thulson/catkin_ws/devel/.private/cobotx_a450_communication/share/roseus/ros/cobotx_a450_communication/msg/CobotXPumpStatus.l, /home/thulson/catkin_ws/devel/share/roseus/ros/cobotx_a450_communication/msg/CobotXPumpStatus.l)
Linked: (/home/thulson/catkin_ws/devel/.private/cobotx_a450_communication/share/roseus/ros/cobotx_a450_communication/msg/CobotXGripperStatus.l, /home/thulson/catkin_ws/devel/share/roseus/ros/cobotx_a450_communication/msg/CobotXGripperStatus.l)
Linked: (/home/thulson/catkin_ws/devel/.private/cobotx_a450_communication/share/roseus/ros/cobotx_a450_communication/msg/CobotXAngles.l, /home/thulson/catkin_ws/devel/share/roseus/ros/cobotx_a450_communication/msg/CobotXAngles.l)
Linked: (/home/thulson/catkin_ws/devel/.private/cobotx_a450_communication/share/gennodejs/ros/cobotx_a450_communication/_index.js, /home/thulson/catkin_ws/devel/share/gennodejs/ros/cobotx_a450_communication/_index.js)
Linked: (/home/thulson/catkin_ws/devel/.private/cobotx_a450_communication/share/gennodejs/ros/cobotx_a450_communication/srv/GetAngles.js, /home/thulson/catkin_ws/devel/share/gennodejs/ros/cobotx_a450_communication/srv/GetAngles.js)
Linked: (/home/thulson/catkin_ws/devel/.private/cobotx_a450_communication/share/gennodejs/ros/cobotx_a450_communication/srv/_index.js, /home/thulson/catkin_ws/devel/share/gennodejs/ros/cobotx_a450_communication/srv/_index.js)
Linked: (/home/thulson/catkin_ws/devel/.private/cobotx_a450_communication/share/gennodejs/ros/cobotx_a450_communication/srv/SetAngles.js, /home/thulson/catkin_ws/devel/share/gennodejs/ros/cobotx_a450_communication/srv/SetAngles.js)
Linked: (/home/thulson/catkin_ws/devel/.private/cobotx_a450_communication/share/gennodejs/ros/cobotx_a450_communication/srv/GetCoords.js, /home/thulson/catkin_ws/devel/share/gennodejs/ros/cobotx_a450_communication/srv/GetCoords.js)
Linked: (/home/thulson/catkin_ws/devel/.private/cobotx_a450_communication/share/gennodejs/ros/cobotx_a450_communication/srv/SetCoords.js, /home/thulson/catkin_ws/devel/share/gennodejs/ros/cobotx_a450_communication/srv/SetCoords.js)
Linked: (/home/thulson/catkin_ws/devel/.private/cobotx_a450_communication/share/gennodejs/ros/cobotx_a450_communication/srv/PumpStatus.js, /home/thulson/catkin_ws/devel/share/gennodejs/ros/cobotx_a450_communication/srv/PumpStatus.js)
Linked: (/home/thulson/catkin_ws/devel/.private/cobotx_a450_communication/share/gennodejs/ros/cobotx_a450_communication/srv/GripperStatus.js, /home/thulson/catkin_ws/devel/share/gennodejs/ros/cobotx_a450_communication/srv/GripperStatus.js)
Linked: (/home/thulson/catkin_ws/devel/.private/cobotx_a450_communication/share/gennodejs/ros/cobotx_a450_communication/msg/CobotXCoords.js, /home/thulson/catkin_ws/devel/share/gennodejs/ros/cobotx_a450_communication/msg/CobotXCoords.js)
Linked: (/home/thulson/catkin_ws/devel/.private/cobotx_a450_communication/share/gennodejs/ros/cobotx_a450_communication/msg/_index.js, /home/thulson/catkin_ws/devel/share/gennodejs/ros/cobotx_a450_communication/msg/_index.js)
Linked: (/home/thulson/catkin_ws/devel/.private/cobotx_a450_communication/share/gennodejs/ros/cobotx_a450_communication/msg/CobotXSetCoords.js, /home/thulson/catkin_ws/devel/share/gennodejs/ros/cobotx_a450_communication/msg/CobotXSetCoords.js)
Linked: (/home/thulson/catkin_ws/devel/.private/cobotx_a450_communication/share/gennodejs/ros/cobotx_a450_communication/msg/CobotXSetAngles.js, /home/thulson/catkin_ws/devel/share/gennodejs/ros/cobotx_a450_communication/msg/CobotXSetAngles.js)
Linked: (/home/thulson/catkin_ws/devel/.private/cobotx_a450_communication/share/gennodejs/ros/cobotx_a450_communication/msg/CobotXGripperStatus.js, /home/thulson/catkin_ws/devel/share/gennodejs/ros/cobotx_a450_communication/msg/CobotXGripperStatus.js)
Linked: (/home/thulson/catkin_ws/devel/.private/cobotx_a450_communication/share/gennodejs/ros/cobotx_a450_communication/msg/CobotXAngles.js, /home/thulson/catkin_ws/devel/share/gennodejs/ros/cobotx_a450_communication/msg/CobotXAngles.js)
Linked: (/home/thulson/catkin_ws/devel/.private/cobotx_a450_communication/share/gennodejs/ros/cobotx_a450_communication/msg/CobotXPumpStatus.js, /home/thulson/catkin_ws/devel/share/gennodejs/ros/cobotx_a450_communication/msg/CobotXPumpStatus.js)
