CMake Warning (dev) at CMakeLists.txt:2 (project):
  Policy CMP0048 is not set: project() command manages VERSION variables.
  Run "cmake --help-policy CMP0048" for policy details.  Use the cmake_policy
  command to set the policy and suppress this warning.

  The following variable(s) would be set to empty:

    CMAKE_PROJECT_VERSION
    CMAKE_PROJECT_VERSION_MAJOR
    CMAKE_PROJECT_VERSION_MINOR
    CMAKE_PROJECT_VERSION_PATCH
This warning is for project developers.  Use -Wno-dev to suppress it.

[36m--[0m Using CATKIN_DEVEL_PREFIX: /home/thulson/catkin_ws/devel/.private/mycobot_280
[36m--[0m Using CMAKE_PREFIX_PATH: /home/thulson/catkin_ws/devel;/opt/ros/noetic
[36m--[0m This workspace overlays: /home/thulson/catkin_ws/devel;/opt/ros/noetic
[36m--[0m Found PythonInterp: /usr/bin/python3 (found suitable version "3.8.10", minimum required is "3")
[36m--[0m Using PYTHON_EXECUTABLE: /usr/bin/python3
[36m--[0m Using Debian Python package layout
[36m--[0m Using empy: /usr/lib/python3/dist-packages/em.py
[36m--[0m Using CATKIN_ENABLE_TESTING: ON
[36m--[0m Call enable_testing()
[36m--[0m Using CATKIN_TEST_RESULTS_DIR: /home/thulson/catkin_ws/build/mycobot_280/test_results
[36m--[0m Forcing gtest/gmock from source, though one was otherwise available.
[36m--[0m Found gtest sources under '/usr/src/googletest': gtests will be built
[36m--[0m Found gmock sources under '/usr/src/googletest': gmock will be built
[36m--[0m Found PythonInterp: /usr/bin/python3 (found version "3.8.10")
[36m--[0m Using Python nosetests: /usr/bin/nosetests3
[36m--[0m catkin 0.8.10
[36m--[0m BUILD_SHARED_LIBS is on
[36m--[0m Using these message generators: gencpp;geneus;genlisp;gennodejs;genpy
[36m--[0m Installing devel-space wrapper /home/thulson/catkin_ws/src/mycobot_ros/mycobot_280/mycobot_280/scripts/follow_display.py to /home/thulson/catkin_ws/devel/.private/mycobot_280/lib/mycobot_280
[36m--[0m Installing devel-space wrapper /home/thulson/catkin_ws/src/mycobot_ros/mycobot_280/mycobot_280/scripts/slider_control.py to /home/thulson/catkin_ws/devel/.private/mycobot_280/lib/mycobot_280
[36m--[0m Installing devel-space wrapper /home/thulson/catkin_ws/src/mycobot_ros/mycobot_280/mycobot_280/scripts/teleop_keyboard.py to /home/thulson/catkin_ws/devel/.private/mycobot_280/lib/mycobot_280
[36m--[0m Installing devel-space wrapper /home/thulson/catkin_ws/src/mycobot_ros/mycobot_280/mycobot_280/scripts/listen_real.py to /home/thulson/catkin_ws/devel/.private/mycobot_280/lib/mycobot_280
[36m--[0m Installing devel-space wrapper /home/thulson/catkin_ws/src/mycobot_ros/mycobot_280/mycobot_280/scripts/listen_real_of_topic.py to /home/thulson/catkin_ws/devel/.private/mycobot_280/lib/mycobot_280
[36m--[0m Installing devel-space wrapper /home/thulson/catkin_ws/src/mycobot_ros/mycobot_280/mycobot_280/scripts/detect_marker.py to /home/thulson/catkin_ws/devel/.private/mycobot_280/lib/mycobot_280
[36m--[0m Installing devel-space wrapper /home/thulson/catkin_ws/src/mycobot_ros/mycobot_280/mycobot_280/scripts/following_marker.py to /home/thulson/catkin_ws/devel/.private/mycobot_280/lib/mycobot_280
[36m--[0m Installing devel-space wrapper /home/thulson/catkin_ws/src/mycobot_ros/mycobot_280/mycobot_280/scripts/follow_and_pump.py to /home/thulson/catkin_ws/devel/.private/mycobot_280/lib/mycobot_280
[36m--[0m Installing devel-space wrapper /home/thulson/catkin_ws/src/mycobot_ros/mycobot_280/mycobot_280/scripts/simple_gui.py to /home/thulson/catkin_ws/devel/.private/mycobot_280/lib/mycobot_280
[36m--[0m Installing devel-space wrapper /home/thulson/catkin_ws/src/mycobot_ros/mycobot_280/mycobot_280/scripts/follow_display_gripper.py to /home/thulson/catkin_ws/devel/.private/mycobot_280/lib/mycobot_280
[36m--[0m Installing devel-space wrapper /home/thulson/catkin_ws/src/mycobot_ros/mycobot_280/mycobot_280/scripts/slider_control_gripper.py to /home/thulson/catkin_ws/devel/.private/mycobot_280/lib/mycobot_280
[36m--[0m Configuring done
[36m--[0m Generating done
[36m--[0m Build files have been written to: /home/thulson/catkin_ws/build/mycobot_280
