Linked: (/home/thulson/catkin_ws/devel/.private/mypalletizer_communication/lib/python3/dist-packages/mypalletizer_communication/__init__.py, /home/thulson/catkin_ws/devel/lib/python3/dist-packages/mypalletizer_communication/__init__.py)
Linked: (/home/thulson/catkin_ws/devel/.private/mypalletizer_communication/lib/python3/dist-packages/mypalletizer_communication/srv/_SetAngles.py, /home/thulson/catkin_ws/devel/lib/python3/dist-packages/mypalletizer_communication/srv/_SetAngles.py)
Linked: (/home/thulson/catkin_ws/devel/.private/mypalletizer_communication/lib/python3/dist-packages/mypalletizer_communication/srv/_GetCoords.py, /home/thulson/catkin_ws/devel/lib/python3/dist-packages/mypalletizer_communication/srv/_GetCoords.py)
Linked: (/home/thulson/catkin_ws/devel/.private/mypalletizer_communication/lib/python3/dist-packages/mypalletizer_communication/srv/_GripperStatus.py, /home/thulson/catkin_ws/devel/lib/python3/dist-packages/mypalletizer_communication/srv/_GripperStatus.py)
Linked: (/home/thulson/catkin_ws/devel/.private/mypalletizer_communication/lib/python3/dist-packages/mypalletizer_communication/srv/_SetCoords.py, /home/thulson/catkin_ws/devel/lib/python3/dist-packages/mypalletizer_communication/srv/_SetCoords.py)
Linked: (/home/thulson/catkin_ws/devel/.private/mypalletizer_communication/lib/python3/dist-packages/mypalletizer_communication/srv/_PumpStatus.py, /home/thulson/catkin_ws/devel/lib/python3/dist-packages/mypalletizer_communication/srv/_PumpStatus.py)
Linked: (/home/thulson/catkin_ws/devel/.private/mypalletizer_communication/lib/python3/dist-packages/mypalletizer_communication/srv/_GetAngles.py, /home/thulson/catkin_ws/devel/lib/python3/dist-packages/mypalletizer_communication/srv/_GetAngles.py)
Linked: (/home/thulson/catkin_ws/devel/.private/mypalletizer_communication/lib/python3/dist-packages/mypalletizer_communication/srv/__init__.py, /home/thulson/catkin_ws/devel/lib/python3/dist-packages/mypalletizer_communication/srv/__init__.py)
Linked: (/home/thulson/catkin_ws/devel/.private/mypalletizer_communication/lib/python3/dist-packages/mypalletizer_communication/msg/_MypalSetAngles.py, /home/thulson/catkin_ws/devel/lib/python3/dist-packages/mypalletizer_communication/msg/_MypalSetAngles.py)
Linked: (/home/thulson/catkin_ws/devel/.private/mypalletizer_communication/lib/python3/dist-packages/mypalletizer_communication/msg/_MypalAngles.py, /home/thulson/catkin_ws/devel/lib/python3/dist-packages/mypalletizer_communication/msg/_MypalAngles.py)
Linked: (/home/thulson/catkin_ws/devel/.private/mypalletizer_communication/lib/python3/dist-packages/mypalletizer_communication/msg/_MypalCoords.py, /home/thulson/catkin_ws/devel/lib/python3/dist-packages/mypalletizer_communication/msg/_MypalCoords.py)
Linked: (/home/thulson/catkin_ws/devel/.private/mypalletizer_communication/lib/python3/dist-packages/mypalletizer_communication/msg/_MypalGripperStatus.py, /home/thulson/catkin_ws/devel/lib/python3/dist-packages/mypalletizer_communication/msg/_MypalGripperStatus.py)
Linked: (/home/thulson/catkin_ws/devel/.private/mypalletizer_communication/lib/python3/dist-packages/mypalletizer_communication/msg/_MypalSetCoords.py, /home/thulson/catkin_ws/devel/lib/python3/dist-packages/mypalletizer_communication/msg/_MypalSetCoords.py)
Linked: (/home/thulson/catkin_ws/devel/.private/mypalletizer_communication/lib/python3/dist-packages/mypalletizer_communication/msg/__init__.py, /home/thulson/catkin_ws/devel/lib/python3/dist-packages/mypalletizer_communication/msg/__init__.py)
Linked: (/home/thulson/catkin_ws/devel/.private/mypalletizer_communication/lib/python3/dist-packages/mypalletizer_communication/msg/_MypalPumpStatus.py, /home/thulson/catkin_ws/devel/lib/python3/dist-packages/mypalletizer_communication/msg/_MypalPumpStatus.py)
Linked: (/home/thulson/catkin_ws/devel/.private/mypalletizer_communication/lib/pkgconfig/mypalletizer_communication.pc, /home/thulson/catkin_ws/devel/lib/pkgconfig/mypalletizer_communication.pc)
Linked: (/home/thulson/catkin_ws/devel/.private/mypalletizer_communication/lib/mypalletizer_communication/mypal_services.py, /home/thulson/catkin_ws/devel/lib/mypalletizer_communication/mypal_services.py)
Linked: (/home/thulson/catkin_ws/devel/.private/mypalletizer_communication/lib/mypalletizer_communication/cmake.lock, /home/thulson/catkin_ws/devel/lib/mypalletizer_communication/cmake.lock)
Linked: (/home/thulson/catkin_ws/devel/.private/mypalletizer_communication/lib/mypalletizer_communication/mypal_topics.py, /home/thulson/catkin_ws/devel/lib/mypalletizer_communication/mypal_topics.py)
Linked: (/home/thulson/catkin_ws/devel/.private/mypalletizer_communication/include/mypalletizer_communication/SetAnglesResponse.h, /home/thulson/catkin_ws/devel/include/mypalletizer_communication/SetAnglesResponse.h)
Linked: (/home/thulson/catkin_ws/devel/.private/mypalletizer_communication/include/mypalletizer_communication/GetCoordsResponse.h, /home/thulson/catkin_ws/devel/include/mypalletizer_communication/GetCoordsResponse.h)
Linked: (/home/thulson/catkin_ws/devel/.private/mypalletizer_communication/include/mypalletizer_communication/MypalSetAngles.h, /home/thulson/catkin_ws/devel/include/mypalletizer_communication/MypalSetAngles.h)
Linked: (/home/thulson/catkin_ws/devel/.private/mypalletizer_communication/include/mypalletizer_communication/PumpStatusRequest.h, /home/thulson/catkin_ws/devel/include/mypalletizer_communication/PumpStatusRequest.h)
Linked: (/home/thulson/catkin_ws/devel/.private/mypalletizer_communication/include/mypalletizer_communication/SetCoords.h, /home/thulson/catkin_ws/devel/include/mypalletizer_communication/SetCoords.h)
Linked: (/home/thulson/catkin_ws/devel/.private/mypalletizer_communication/include/mypalletizer_communication/GetAnglesRequest.h, /home/thulson/catkin_ws/devel/include/mypalletizer_communication/GetAnglesRequest.h)
Linked: (/home/thulson/catkin_ws/devel/.private/mypalletizer_communication/include/mypalletizer_communication/GetCoords.h, /home/thulson/catkin_ws/devel/include/mypalletizer_communication/GetCoords.h)
Linked: (/home/thulson/catkin_ws/devel/.private/mypalletizer_communication/include/mypalletizer_communication/GripperStatus.h, /home/thulson/catkin_ws/devel/include/mypalletizer_communication/GripperStatus.h)
Linked: (/home/thulson/catkin_ws/devel/.private/mypalletizer_communication/include/mypalletizer_communication/MypalCoords.h, /home/thulson/catkin_ws/devel/include/mypalletizer_communication/MypalCoords.h)
Linked: (/home/thulson/catkin_ws/devel/.private/mypalletizer_communication/include/mypalletizer_communication/PumpStatus.h, /home/thulson/catkin_ws/devel/include/mypalletizer_communication/PumpStatus.h)
Linked: (/home/thulson/catkin_ws/devel/.private/mypalletizer_communication/include/mypalletizer_communication/SetAnglesRequest.h, /home/thulson/catkin_ws/devel/include/mypalletizer_communication/SetAnglesRequest.h)
Linked: (/home/thulson/catkin_ws/devel/.private/mypalletizer_communication/include/mypalletizer_communication/GetAngles.h, /home/thulson/catkin_ws/devel/include/mypalletizer_communication/GetAngles.h)
Linked: (/home/thulson/catkin_ws/devel/.private/mypalletizer_communication/include/mypalletizer_communication/SetCoordsRequest.h, /home/thulson/catkin_ws/devel/include/mypalletizer_communication/SetCoordsRequest.h)
Linked: (/home/thulson/catkin_ws/devel/.private/mypalletizer_communication/include/mypalletizer_communication/GripperStatusRequest.h, /home/thulson/catkin_ws/devel/include/mypalletizer_communication/GripperStatusRequest.h)
Linked: (/home/thulson/catkin_ws/devel/.private/mypalletizer_communication/include/mypalletizer_communication/MypalSetCoords.h, /home/thulson/catkin_ws/devel/include/mypalletizer_communication/MypalSetCoords.h)
Linked: (/home/thulson/catkin_ws/devel/.private/mypalletizer_communication/include/mypalletizer_communication/GetCoordsRequest.h, /home/thulson/catkin_ws/devel/include/mypalletizer_communication/GetCoordsRequest.h)
Linked: (/home/thulson/catkin_ws/devel/.private/mypalletizer_communication/include/mypalletizer_communication/SetCoordsResponse.h, /home/thulson/catkin_ws/devel/include/mypalletizer_communication/SetCoordsResponse.h)
Linked: (/home/thulson/catkin_ws/devel/.private/mypalletizer_communication/include/mypalletizer_communication/GetAnglesResponse.h, /home/thulson/catkin_ws/devel/include/mypalletizer_communication/GetAnglesResponse.h)
Linked: (/home/thulson/catkin_ws/devel/.private/mypalletizer_communication/include/mypalletizer_communication/MypalAngles.h, /home/thulson/catkin_ws/devel/include/mypalletizer_communication/MypalAngles.h)
Linked: (/home/thulson/catkin_ws/devel/.private/mypalletizer_communication/include/mypalletizer_communication/MypalPumpStatus.h, /home/thulson/catkin_ws/devel/include/mypalletizer_communication/MypalPumpStatus.h)
Linked: (/home/thulson/catkin_ws/devel/.private/mypalletizer_communication/include/mypalletizer_communication/MypalGripperStatus.h, /home/thulson/catkin_ws/devel/include/mypalletizer_communication/MypalGripperStatus.h)
Linked: (/home/thulson/catkin_ws/devel/.private/mypalletizer_communication/include/mypalletizer_communication/PumpStatusResponse.h, /home/thulson/catkin_ws/devel/include/mypalletizer_communication/PumpStatusResponse.h)
Linked: (/home/thulson/catkin_ws/devel/.private/mypalletizer_communication/include/mypalletizer_communication/GripperStatusResponse.h, /home/thulson/catkin_ws/devel/include/mypalletizer_communication/GripperStatusResponse.h)
Linked: (/home/thulson/catkin_ws/devel/.private/mypalletizer_communication/include/mypalletizer_communication/SetAngles.h, /home/thulson/catkin_ws/devel/include/mypalletizer_communication/SetAngles.h)
Linked: (/home/thulson/catkin_ws/devel/.private/mypalletizer_communication/share/common-lisp/ros/mypalletizer_communication/srv/_package_PumpStatus.lisp, /home/thulson/catkin_ws/devel/share/common-lisp/ros/mypalletizer_communication/srv/_package_PumpStatus.lisp)
Linked: (/home/thulson/catkin_ws/devel/.private/mypalletizer_communication/share/common-lisp/ros/mypalletizer_communication/srv/_package_SetAngles.lisp, /home/thulson/catkin_ws/devel/share/common-lisp/ros/mypalletizer_communication/srv/_package_SetAngles.lisp)
Linked: (/home/thulson/catkin_ws/devel/.private/mypalletizer_communication/share/common-lisp/ros/mypalletizer_communication/srv/SetAngles.lisp, /home/thulson/catkin_ws/devel/share/common-lisp/ros/mypalletizer_communication/srv/SetAngles.lisp)
Linked: (/home/thulson/catkin_ws/devel/.private/mypalletizer_communication/share/common-lisp/ros/mypalletizer_communication/srv/_package_GetAngles.lisp, /home/thulson/catkin_ws/devel/share/common-lisp/ros/mypalletizer_communication/srv/_package_GetAngles.lisp)
Linked: (/home/thulson/catkin_ws/devel/.private/mypalletizer_communication/share/common-lisp/ros/mypalletizer_communication/srv/_package.lisp, /home/thulson/catkin_ws/devel/share/common-lisp/ros/mypalletizer_communication/srv/_package.lisp)
Linked: (/home/thulson/catkin_ws/devel/.private/mypalletizer_communication/share/common-lisp/ros/mypalletizer_communication/srv/GripperStatus.lisp, /home/thulson/catkin_ws/devel/share/common-lisp/ros/mypalletizer_communication/srv/GripperStatus.lisp)
Linked: (/home/thulson/catkin_ws/devel/.private/mypalletizer_communication/share/common-lisp/ros/mypalletizer_communication/srv/_package_SetCoords.lisp, /home/thulson/catkin_ws/devel/share/common-lisp/ros/mypalletizer_communication/srv/_package_SetCoords.lisp)
Linked: (/home/thulson/catkin_ws/devel/.private/mypalletizer_communication/share/common-lisp/ros/mypalletizer_communication/srv/_package_GetCoords.lisp, /home/thulson/catkin_ws/devel/share/common-lisp/ros/mypalletizer_communication/srv/_package_GetCoords.lisp)
Linked: (/home/thulson/catkin_ws/devel/.private/mypalletizer_communication/share/common-lisp/ros/mypalletizer_communication/srv/GetAngles.lisp, /home/thulson/catkin_ws/devel/share/common-lisp/ros/mypalletizer_communication/srv/GetAngles.lisp)
Linked: (/home/thulson/catkin_ws/devel/.private/mypalletizer_communication/share/common-lisp/ros/mypalletizer_communication/srv/SetCoords.lisp, /home/thulson/catkin_ws/devel/share/common-lisp/ros/mypalletizer_communication/srv/SetCoords.lisp)
Linked: (/home/thulson/catkin_ws/devel/.private/mypalletizer_communication/share/common-lisp/ros/mypalletizer_communication/srv/mypalletizer_communication-srv.asd, /home/thulson/catkin_ws/devel/share/common-lisp/ros/mypalletizer_communication/srv/mypalletizer_communication-srv.asd)
Linked: (/home/thulson/catkin_ws/devel/.private/mypalletizer_communication/share/common-lisp/ros/mypalletizer_communication/srv/_package_GripperStatus.lisp, /home/thulson/catkin_ws/devel/share/common-lisp/ros/mypalletizer_communication/srv/_package_GripperStatus.lisp)
Linked: (/home/thulson/catkin_ws/devel/.private/mypalletizer_communication/share/common-lisp/ros/mypalletizer_communication/srv/GetCoords.lisp, /home/thulson/catkin_ws/devel/share/common-lisp/ros/mypalletizer_communication/srv/GetCoords.lisp)
Linked: (/home/thulson/catkin_ws/devel/.private/mypalletizer_communication/share/common-lisp/ros/mypalletizer_communication/srv/PumpStatus.lisp, /home/thulson/catkin_ws/devel/share/common-lisp/ros/mypalletizer_communication/srv/PumpStatus.lisp)
Linked: (/home/thulson/catkin_ws/devel/.private/mypalletizer_communication/share/common-lisp/ros/mypalletizer_communication/msg/_package_MypalSetAngles.lisp, /home/thulson/catkin_ws/devel/share/common-lisp/ros/mypalletizer_communication/msg/_package_MypalSetAngles.lisp)
Linked: (/home/thulson/catkin_ws/devel/.private/mypalletizer_communication/share/common-lisp/ros/mypalletizer_communication/msg/MypalSetCoords.lisp, /home/thulson/catkin_ws/devel/share/common-lisp/ros/mypalletizer_communication/msg/MypalSetCoords.lisp)
Linked: (/home/thulson/catkin_ws/devel/.private/mypalletizer_communication/share/common-lisp/ros/mypalletizer_communication/msg/_package_MypalCoords.lisp, /home/thulson/catkin_ws/devel/share/common-lisp/ros/mypalletizer_communication/msg/_package_MypalCoords.lisp)
Linked: (/home/thulson/catkin_ws/devel/.private/mypalletizer_communication/share/common-lisp/ros/mypalletizer_communication/msg/_package_MypalPumpStatus.lisp, /home/thulson/catkin_ws/devel/share/common-lisp/ros/mypalletizer_communication/msg/_package_MypalPumpStatus.lisp)
Linked: (/home/thulson/catkin_ws/devel/.private/mypalletizer_communication/share/common-lisp/ros/mypalletizer_communication/msg/MypalCoords.lisp, /home/thulson/catkin_ws/devel/share/common-lisp/ros/mypalletizer_communication/msg/MypalCoords.lisp)
Linked: (/home/thulson/catkin_ws/devel/.private/mypalletizer_communication/share/common-lisp/ros/mypalletizer_communication/msg/_package.lisp, /home/thulson/catkin_ws/devel/share/common-lisp/ros/mypalletizer_communication/msg/_package.lisp)
Linked: (/home/thulson/catkin_ws/devel/.private/mypalletizer_communication/share/common-lisp/ros/mypalletizer_communication/msg/_package_MypalAngles.lisp, /home/thulson/catkin_ws/devel/share/common-lisp/ros/mypalletizer_communication/msg/_package_MypalAngles.lisp)
Linked: (/home/thulson/catkin_ws/devel/.private/mypalletizer_communication/share/common-lisp/ros/mypalletizer_communication/msg/_package_MypalSetCoords.lisp, /home/thulson/catkin_ws/devel/share/common-lisp/ros/mypalletizer_communication/msg/_package_MypalSetCoords.lisp)
Linked: (/home/thulson/catkin_ws/devel/.private/mypalletizer_communication/share/common-lisp/ros/mypalletizer_communication/msg/MypalSetAngles.lisp, /home/thulson/catkin_ws/devel/share/common-lisp/ros/mypalletizer_communication/msg/MypalSetAngles.lisp)
Linked: (/home/thulson/catkin_ws/devel/.private/mypalletizer_communication/share/common-lisp/ros/mypalletizer_communication/msg/MypalPumpStatus.lisp, /home/thulson/catkin_ws/devel/share/common-lisp/ros/mypalletizer_communication/msg/MypalPumpStatus.lisp)
Linked: (/home/thulson/catkin_ws/devel/.private/mypalletizer_communication/share/common-lisp/ros/mypalletizer_communication/msg/MypalGripperStatus.lisp, /home/thulson/catkin_ws/devel/share/common-lisp/ros/mypalletizer_communication/msg/MypalGripperStatus.lisp)
Linked: (/home/thulson/catkin_ws/devel/.private/mypalletizer_communication/share/common-lisp/ros/mypalletizer_communication/msg/MypalAngles.lisp, /home/thulson/catkin_ws/devel/share/common-lisp/ros/mypalletizer_communication/msg/MypalAngles.lisp)
Linked: (/home/thulson/catkin_ws/devel/.private/mypalletizer_communication/share/common-lisp/ros/mypalletizer_communication/msg/_package_MypalGripperStatus.lisp, /home/thulson/catkin_ws/devel/share/common-lisp/ros/mypalletizer_communication/msg/_package_MypalGripperStatus.lisp)
Linked: (/home/thulson/catkin_ws/devel/.private/mypalletizer_communication/share/common-lisp/ros/mypalletizer_communication/msg/mypalletizer_communication-msg.asd, /home/thulson/catkin_ws/devel/share/common-lisp/ros/mypalletizer_communication/msg/mypalletizer_communication-msg.asd)
Linked: (/home/thulson/catkin_ws/devel/.private/mypalletizer_communication/share/roseus/ros/mypalletizer_communication/manifest.l, /home/thulson/catkin_ws/devel/share/roseus/ros/mypalletizer_communication/manifest.l)
Linked: (/home/thulson/catkin_ws/devel/.private/mypalletizer_communication/share/roseus/ros/mypalletizer_communication/srv/GetAngles.l, /home/thulson/catkin_ws/devel/share/roseus/ros/mypalletizer_communication/srv/GetAngles.l)
Linked: (/home/thulson/catkin_ws/devel/.private/mypalletizer_communication/share/roseus/ros/mypalletizer_communication/srv/GetCoords.l, /home/thulson/catkin_ws/devel/share/roseus/ros/mypalletizer_communication/srv/GetCoords.l)
Linked: (/home/thulson/catkin_ws/devel/.private/mypalletizer_communication/share/roseus/ros/mypalletizer_communication/srv/GripperStatus.l, /home/thulson/catkin_ws/devel/share/roseus/ros/mypalletizer_communication/srv/GripperStatus.l)
Linked: (/home/thulson/catkin_ws/devel/.private/mypalletizer_communication/share/roseus/ros/mypalletizer_communication/srv/SetAngles.l, /home/thulson/catkin_ws/devel/share/roseus/ros/mypalletizer_communication/srv/SetAngles.l)
Linked: (/home/thulson/catkin_ws/devel/.private/mypalletizer_communication/share/roseus/ros/mypalletizer_communication/srv/SetCoords.l, /home/thulson/catkin_ws/devel/share/roseus/ros/mypalletizer_communication/srv/SetCoords.l)
Linked: (/home/thulson/catkin_ws/devel/.private/mypalletizer_communication/share/roseus/ros/mypalletizer_communication/srv/PumpStatus.l, /home/thulson/catkin_ws/devel/share/roseus/ros/mypalletizer_communication/srv/PumpStatus.l)
Linked: (/home/thulson/catkin_ws/devel/.private/mypalletizer_communication/share/roseus/ros/mypalletizer_communication/msg/MypalGripperStatus.l, /home/thulson/catkin_ws/devel/share/roseus/ros/mypalletizer_communication/msg/MypalGripperStatus.l)
Linked: (/home/thulson/catkin_ws/devel/.private/mypalletizer_communication/share/roseus/ros/mypalletizer_communication/msg/MypalPumpStatus.l, /home/thulson/catkin_ws/devel/share/roseus/ros/mypalletizer_communication/msg/MypalPumpStatus.l)
Linked: (/home/thulson/catkin_ws/devel/.private/mypalletizer_communication/share/roseus/ros/mypalletizer_communication/msg/MypalCoords.l, /home/thulson/catkin_ws/devel/share/roseus/ros/mypalletizer_communication/msg/MypalCoords.l)
Linked: (/home/thulson/catkin_ws/devel/.private/mypalletizer_communication/share/roseus/ros/mypalletizer_communication/msg/MypalAngles.l, /home/thulson/catkin_ws/devel/share/roseus/ros/mypalletizer_communication/msg/MypalAngles.l)
Linked: (/home/thulson/catkin_ws/devel/.private/mypalletizer_communication/share/roseus/ros/mypalletizer_communication/msg/MypalSetCoords.l, /home/thulson/catkin_ws/devel/share/roseus/ros/mypalletizer_communication/msg/MypalSetCoords.l)
Linked: (/home/thulson/catkin_ws/devel/.private/mypalletizer_communication/share/roseus/ros/mypalletizer_communication/msg/MypalSetAngles.l, /home/thulson/catkin_ws/devel/share/roseus/ros/mypalletizer_communication/msg/MypalSetAngles.l)
Linked: (/home/thulson/catkin_ws/devel/.private/mypalletizer_communication/share/gennodejs/ros/mypalletizer_communication/_index.js, /home/thulson/catkin_ws/devel/share/gennodejs/ros/mypalletizer_communication/_index.js)
Linked: (/home/thulson/catkin_ws/devel/.private/mypalletizer_communication/share/gennodejs/ros/mypalletizer_communication/srv/GetAngles.js, /home/thulson/catkin_ws/devel/share/gennodejs/ros/mypalletizer_communication/srv/GetAngles.js)
Linked: (/home/thulson/catkin_ws/devel/.private/mypalletizer_communication/share/gennodejs/ros/mypalletizer_communication/srv/_index.js, /home/thulson/catkin_ws/devel/share/gennodejs/ros/mypalletizer_communication/srv/_index.js)
Linked: (/home/thulson/catkin_ws/devel/.private/mypalletizer_communication/share/gennodejs/ros/mypalletizer_communication/srv/SetAngles.js, /home/thulson/catkin_ws/devel/share/gennodejs/ros/mypalletizer_communication/srv/SetAngles.js)
Linked: (/home/thulson/catkin_ws/devel/.private/mypalletizer_communication/share/gennodejs/ros/mypalletizer_communication/srv/GetCoords.js, /home/thulson/catkin_ws/devel/share/gennodejs/ros/mypalletizer_communication/srv/GetCoords.js)
Linked: (/home/thulson/catkin_ws/devel/.private/mypalletizer_communication/share/gennodejs/ros/mypalletizer_communication/srv/SetCoords.js, /home/thulson/catkin_ws/devel/share/gennodejs/ros/mypalletizer_communication/srv/SetCoords.js)
Linked: (/home/thulson/catkin_ws/devel/.private/mypalletizer_communication/share/gennodejs/ros/mypalletizer_communication/srv/PumpStatus.js, /home/thulson/catkin_ws/devel/share/gennodejs/ros/mypalletizer_communication/srv/PumpStatus.js)
Linked: (/home/thulson/catkin_ws/devel/.private/mypalletizer_communication/share/gennodejs/ros/mypalletizer_communication/srv/GripperStatus.js, /home/thulson/catkin_ws/devel/share/gennodejs/ros/mypalletizer_communication/srv/GripperStatus.js)
Linked: (/home/thulson/catkin_ws/devel/.private/mypalletizer_communication/share/gennodejs/ros/mypalletizer_communication/msg/MypalGripperStatus.js, /home/thulson/catkin_ws/devel/share/gennodejs/ros/mypalletizer_communication/msg/MypalGripperStatus.js)
Linked: (/home/thulson/catkin_ws/devel/.private/mypalletizer_communication/share/gennodejs/ros/mypalletizer_communication/msg/_index.js, /home/thulson/catkin_ws/devel/share/gennodejs/ros/mypalletizer_communication/msg/_index.js)
Linked: (/home/thulson/catkin_ws/devel/.private/mypalletizer_communication/share/gennodejs/ros/mypalletizer_communication/msg/MypalSetCoords.js, /home/thulson/catkin_ws/devel/share/gennodejs/ros/mypalletizer_communication/msg/MypalSetCoords.js)
Linked: (/home/thulson/catkin_ws/devel/.private/mypalletizer_communication/share/gennodejs/ros/mypalletizer_communication/msg/MypalSetAngles.js, /home/thulson/catkin_ws/devel/share/gennodejs/ros/mypalletizer_communication/msg/MypalSetAngles.js)
Linked: (/home/thulson/catkin_ws/devel/.private/mypalletizer_communication/share/gennodejs/ros/mypalletizer_communication/msg/MypalAngles.js, /home/thulson/catkin_ws/devel/share/gennodejs/ros/mypalletizer_communication/msg/MypalAngles.js)
Linked: (/home/thulson/catkin_ws/devel/.private/mypalletizer_communication/share/gennodejs/ros/mypalletizer_communication/msg/MypalPumpStatus.js, /home/thulson/catkin_ws/devel/share/gennodejs/ros/mypalletizer_communication/msg/MypalPumpStatus.js)
Linked: (/home/thulson/catkin_ws/devel/.private/mypalletizer_communication/share/gennodejs/ros/mypalletizer_communication/msg/MypalCoords.js, /home/thulson/catkin_ws/devel/share/gennodejs/ros/mypalletizer_communication/msg/MypalCoords.js)
Linked: (/home/thulson/catkin_ws/devel/.private/mypalletizer_communication/share/mypalletizer_communication/cmake/mypalletizer_communicationConfig.cmake, /home/thulson/catkin_ws/devel/share/mypalletizer_communication/cmake/mypalletizer_communicationConfig.cmake)
Linked: (/home/thulson/catkin_ws/devel/.private/mypalletizer_communication/share/mypalletizer_communication/cmake/mypalletizer_communication-msg-extras.cmake, /home/thulson/catkin_ws/devel/share/mypalletizer_communication/cmake/mypalletizer_communication-msg-extras.cmake)
Linked: (/home/thulson/catkin_ws/devel/.private/mypalletizer_communication/share/mypalletizer_communication/cmake/mypalletizer_communicationConfig-version.cmake, /home/thulson/catkin_ws/devel/share/mypalletizer_communication/cmake/mypalletizer_communicationConfig-version.cmake)
Linked: (/home/thulson/catkin_ws/devel/.private/mypalletizer_communication/share/mypalletizer_communication/cmake/mypalletizer_communication-msg-paths.cmake, /home/thulson/catkin_ws/devel/share/mypalletizer_communication/cmake/mypalletizer_communication-msg-paths.cmake)
