[  0%] Built target std_msgs_generate_messages_py
[  0%] Built target _mypalletizer_communication_generate_messages_check_deps_SetCoords
[  0%] Built target _mypalletizer_communication_generate_messages_check_deps_MypalPumpStatus
[  0%] Built target _mypalletizer_communication_generate_messages_check_deps_GripperStatus
[  0%] Built target _mypalletizer_communication_generate_messages_check_deps_MypalSetCoords
[  0%] Built target _mypalletizer_communication_generate_messages_check_deps_GetCoords
[  0%] Built target _mypalletizer_communication_generate_messages_check_deps_MypalAngles
[  0%] Built target _mypalletizer_communication_generate_messages_check_deps_MypalCoords
[  0%] Built target _mypalletizer_communication_generate_messages_check_deps_GetAngles
[  0%] Built target _mypalletizer_communication_generate_messages_check_deps_MypalSetAngles
[  0%] Built target _mypalletizer_communication_generate_messages_check_deps_MypalGripperStatus
[  0%] Built target std_msgs_generate_messages_eus
[  0%] Built target std_msgs_generate_messages_nodejs
[  0%] Built target _mypalletizer_communication_generate_messages_check_deps_SetAngles
[  0%] Built target _mypalletizer_communication_generate_messages_check_deps_PumpStatus
[  0%] Built target std_msgs_generate_messages_lisp
[  0%] Built target std_msgs_generate_messages_cpp
[ 22%] Built target mypalletizer_communication_generate_messages_py
[ 41%] Built target mypalletizer_communication_generate_messages_nodejs
[ 61%] Built target mypalletizer_communication_generate_messages_eus
[ 80%] Built target mypalletizer_communication_generate_messages_lisp
[100%] Built target mypalletizer_communication_generate_messages_cpp
[100%] Built target mypalletizer_communication_generate_messages
