[  0%] Built target std_msgs_generate_messages_lisp
[  0%] Built target _ultraarm_communication_generate_messages_check_deps_ultraArmSetAngles
[  0%] Built target _ultraarm_communication_generate_messages_check_deps_GetAngles
[  0%] Built target _ultraarm_communication_generate_messages_check_deps_SetAngles
[  0%] Built target _ultraarm_communication_generate_messages_check_deps_GetCoords
[  0%] Built target _ultraarm_communication_generate_messages_check_deps_GripperStatus
[  0%] Built target _ultraarm_communication_generate_messages_check_deps_ultraArmSetCoords
[  0%] Built target _ultraarm_communication_generate_messages_check_deps_ultraArmCoords
[  0%] Built target _ultraarm_communication_generate_messages_check_deps_ultraArmAngles
[  0%] Built target _ultraarm_communication_generate_messages_check_deps_PumpStatus
[  0%] Built target _ultraarm_communication_generate_messages_check_deps_ultraArmPumpStatus
[  0%] Built target std_msgs_generate_messages_py
[  0%] Built target std_msgs_generate_messages_nodejs
[  0%] Built target std_msgs_generate_messages_eus
[  0%] Built target std_msgs_generate_messages_cpp
[  0%] Built target _ultraarm_communication_generate_messages_check_deps_SetCoords
[  0%] Built target _ultraarm_communication_generate_messages_check_deps_ultraArmGripperStatus
[ 39%] Built target ultraarm_communication_generate_messages_eus
[ 39%] Built target ultraarm_communication_generate_messages_nodejs
[ 58%] Built target ultraarm_communication_generate_messages_lisp
[ 88%] Built target ultraarm_communication_generate_messages_cpp
[100%] Built target ultraarm_communication_generate_messages_py
[100%] Built target ultraarm_communication_generate_messages
