Linked: (/home/thulson/catkin_ws/devel/.private/ultraarm_communication/lib/python3/dist-packages/ultraarm_communication/__init__.py, /home/thulson/catkin_ws/devel/lib/python3/dist-packages/ultraarm_communication/__init__.py)
Linked: (/home/thulson/catkin_ws/devel/.private/ultraarm_communication/lib/python3/dist-packages/ultraarm_communication/srv/_SetAngles.py, /home/thulson/catkin_ws/devel/lib/python3/dist-packages/ultraarm_communication/srv/_SetAngles.py)
Linked: (/home/thulson/catkin_ws/devel/.private/ultraarm_communication/lib/python3/dist-packages/ultraarm_communication/srv/_GetCoords.py, /home/thulson/catkin_ws/devel/lib/python3/dist-packages/ultraarm_communication/srv/_GetCoords.py)
Linked: (/home/thulson/catkin_ws/devel/.private/ultraarm_communication/lib/python3/dist-packages/ultraarm_communication/srv/_GripperStatus.py, /home/thulson/catkin_ws/devel/lib/python3/dist-packages/ultraarm_communication/srv/_GripperStatus.py)
Linked: (/home/thulson/catkin_ws/devel/.private/ultraarm_communication/lib/python3/dist-packages/ultraarm_communication/srv/_SetCoords.py, /home/thulson/catkin_ws/devel/lib/python3/dist-packages/ultraarm_communication/srv/_SetCoords.py)
Linked: (/home/thulson/catkin_ws/devel/.private/ultraarm_communication/lib/python3/dist-packages/ultraarm_communication/srv/_PumpStatus.py, /home/thulson/catkin_ws/devel/lib/python3/dist-packages/ultraarm_communication/srv/_PumpStatus.py)
Linked: (/home/thulson/catkin_ws/devel/.private/ultraarm_communication/lib/python3/dist-packages/ultraarm_communication/srv/_GetAngles.py, /home/thulson/catkin_ws/devel/lib/python3/dist-packages/ultraarm_communication/srv/_GetAngles.py)
Linked: (/home/thulson/catkin_ws/devel/.private/ultraarm_communication/lib/python3/dist-packages/ultraarm_communication/srv/__init__.py, /home/thulson/catkin_ws/devel/lib/python3/dist-packages/ultraarm_communication/srv/__init__.py)
Linked: (/home/thulson/catkin_ws/devel/.private/ultraarm_communication/lib/python3/dist-packages/ultraarm_communication/msg/_ultraArmCoords.py, /home/thulson/catkin_ws/devel/lib/python3/dist-packages/ultraarm_communication/msg/_ultraArmCoords.py)
Linked: (/home/thulson/catkin_ws/devel/.private/ultraarm_communication/lib/python3/dist-packages/ultraarm_communication/msg/_ultraArmPumpStatus.py, /home/thulson/catkin_ws/devel/lib/python3/dist-packages/ultraarm_communication/msg/_ultraArmPumpStatus.py)
Linked: (/home/thulson/catkin_ws/devel/.private/ultraarm_communication/lib/python3/dist-packages/ultraarm_communication/msg/_ultraArmSetAngles.py, /home/thulson/catkin_ws/devel/lib/python3/dist-packages/ultraarm_communication/msg/_ultraArmSetAngles.py)
Linked: (/home/thulson/catkin_ws/devel/.private/ultraarm_communication/lib/python3/dist-packages/ultraarm_communication/msg/_ultraArmGripperStatus.py, /home/thulson/catkin_ws/devel/lib/python3/dist-packages/ultraarm_communication/msg/_ultraArmGripperStatus.py)
Linked: (/home/thulson/catkin_ws/devel/.private/ultraarm_communication/lib/python3/dist-packages/ultraarm_communication/msg/_ultraArmAngles.py, /home/thulson/catkin_ws/devel/lib/python3/dist-packages/ultraarm_communication/msg/_ultraArmAngles.py)
Linked: (/home/thulson/catkin_ws/devel/.private/ultraarm_communication/lib/python3/dist-packages/ultraarm_communication/msg/_ultraArmSetCoords.py, /home/thulson/catkin_ws/devel/lib/python3/dist-packages/ultraarm_communication/msg/_ultraArmSetCoords.py)
Linked: (/home/thulson/catkin_ws/devel/.private/ultraarm_communication/lib/python3/dist-packages/ultraarm_communication/msg/__init__.py, /home/thulson/catkin_ws/devel/lib/python3/dist-packages/ultraarm_communication/msg/__init__.py)
Linked: (/home/thulson/catkin_ws/devel/.private/ultraarm_communication/lib/pkgconfig/ultraarm_communication.pc, /home/thulson/catkin_ws/devel/lib/pkgconfig/ultraarm_communication.pc)
Linked: (/home/thulson/catkin_ws/devel/.private/ultraarm_communication/lib/ultraarm_communication/cmake.lock, /home/thulson/catkin_ws/devel/lib/ultraarm_communication/cmake.lock)
Linked: (/home/thulson/catkin_ws/devel/.private/ultraarm_communication/lib/ultraarm_communication/ultraArm_topics.py, /home/thulson/catkin_ws/devel/lib/ultraarm_communication/ultraArm_topics.py)
Linked: (/home/thulson/catkin_ws/devel/.private/ultraarm_communication/lib/ultraarm_communication/ultraArm_services.py, /home/thulson/catkin_ws/devel/lib/ultraarm_communication/ultraArm_services.py)
Linked: (/home/thulson/catkin_ws/devel/.private/ultraarm_communication/include/ultraarm_communication/ultraArmSetCoords.h, /home/thulson/catkin_ws/devel/include/ultraarm_communication/ultraArmSetCoords.h)
Linked: (/home/thulson/catkin_ws/devel/.private/ultraarm_communication/include/ultraarm_communication/ultraArmCoords.h, /home/thulson/catkin_ws/devel/include/ultraarm_communication/ultraArmCoords.h)
Linked: (/home/thulson/catkin_ws/devel/.private/ultraarm_communication/include/ultraarm_communication/ultraArmSetAngles.h, /home/thulson/catkin_ws/devel/include/ultraarm_communication/ultraArmSetAngles.h)
Linked: (/home/thulson/catkin_ws/devel/.private/ultraarm_communication/include/ultraarm_communication/ultraArmPumpStatus.h, /home/thulson/catkin_ws/devel/include/ultraarm_communication/ultraArmPumpStatus.h)
Linked: (/home/thulson/catkin_ws/devel/.private/ultraarm_communication/include/ultraarm_communication/SetAnglesResponse.h, /home/thulson/catkin_ws/devel/include/ultraarm_communication/SetAnglesResponse.h)
Linked: (/home/thulson/catkin_ws/devel/.private/ultraarm_communication/include/ultraarm_communication/GetCoordsResponse.h, /home/thulson/catkin_ws/devel/include/ultraarm_communication/GetCoordsResponse.h)
Linked: (/home/thulson/catkin_ws/devel/.private/ultraarm_communication/include/ultraarm_communication/PumpStatusRequest.h, /home/thulson/catkin_ws/devel/include/ultraarm_communication/PumpStatusRequest.h)
Linked: (/home/thulson/catkin_ws/devel/.private/ultraarm_communication/include/ultraarm_communication/SetCoords.h, /home/thulson/catkin_ws/devel/include/ultraarm_communication/SetCoords.h)
Linked: (/home/thulson/catkin_ws/devel/.private/ultraarm_communication/include/ultraarm_communication/GetAnglesRequest.h, /home/thulson/catkin_ws/devel/include/ultraarm_communication/GetAnglesRequest.h)
Linked: (/home/thulson/catkin_ws/devel/.private/ultraarm_communication/include/ultraarm_communication/GetCoords.h, /home/thulson/catkin_ws/devel/include/ultraarm_communication/GetCoords.h)
Linked: (/home/thulson/catkin_ws/devel/.private/ultraarm_communication/include/ultraarm_communication/ultraArmGripperStatus.h, /home/thulson/catkin_ws/devel/include/ultraarm_communication/ultraArmGripperStatus.h)
Linked: (/home/thulson/catkin_ws/devel/.private/ultraarm_communication/include/ultraarm_communication/GripperStatus.h, /home/thulson/catkin_ws/devel/include/ultraarm_communication/GripperStatus.h)
Linked: (/home/thulson/catkin_ws/devel/.private/ultraarm_communication/include/ultraarm_communication/PumpStatus.h, /home/thulson/catkin_ws/devel/include/ultraarm_communication/PumpStatus.h)
Linked: (/home/thulson/catkin_ws/devel/.private/ultraarm_communication/include/ultraarm_communication/SetAnglesRequest.h, /home/thulson/catkin_ws/devel/include/ultraarm_communication/SetAnglesRequest.h)
Linked: (/home/thulson/catkin_ws/devel/.private/ultraarm_communication/include/ultraarm_communication/GetAngles.h, /home/thulson/catkin_ws/devel/include/ultraarm_communication/GetAngles.h)
Linked: (/home/thulson/catkin_ws/devel/.private/ultraarm_communication/include/ultraarm_communication/SetCoordsRequest.h, /home/thulson/catkin_ws/devel/include/ultraarm_communication/SetCoordsRequest.h)
Linked: (/home/thulson/catkin_ws/devel/.private/ultraarm_communication/include/ultraarm_communication/GripperStatusRequest.h, /home/thulson/catkin_ws/devel/include/ultraarm_communication/GripperStatusRequest.h)
Linked: (/home/thulson/catkin_ws/devel/.private/ultraarm_communication/include/ultraarm_communication/ultraArmAngles.h, /home/thulson/catkin_ws/devel/include/ultraarm_communication/ultraArmAngles.h)
Linked: (/home/thulson/catkin_ws/devel/.private/ultraarm_communication/include/ultraarm_communication/GetCoordsRequest.h, /home/thulson/catkin_ws/devel/include/ultraarm_communication/GetCoordsRequest.h)
Linked: (/home/thulson/catkin_ws/devel/.private/ultraarm_communication/include/ultraarm_communication/SetCoordsResponse.h, /home/thulson/catkin_ws/devel/include/ultraarm_communication/SetCoordsResponse.h)
Linked: (/home/thulson/catkin_ws/devel/.private/ultraarm_communication/include/ultraarm_communication/GetAnglesResponse.h, /home/thulson/catkin_ws/devel/include/ultraarm_communication/GetAnglesResponse.h)
Linked: (/home/thulson/catkin_ws/devel/.private/ultraarm_communication/include/ultraarm_communication/PumpStatusResponse.h, /home/thulson/catkin_ws/devel/include/ultraarm_communication/PumpStatusResponse.h)
Linked: (/home/thulson/catkin_ws/devel/.private/ultraarm_communication/include/ultraarm_communication/GripperStatusResponse.h, /home/thulson/catkin_ws/devel/include/ultraarm_communication/GripperStatusResponse.h)
Linked: (/home/thulson/catkin_ws/devel/.private/ultraarm_communication/include/ultraarm_communication/SetAngles.h, /home/thulson/catkin_ws/devel/include/ultraarm_communication/SetAngles.h)
Linked: (/home/thulson/catkin_ws/devel/.private/ultraarm_communication/share/common-lisp/ros/ultraarm_communication/srv/_package_PumpStatus.lisp, /home/thulson/catkin_ws/devel/share/common-lisp/ros/ultraarm_communication/srv/_package_PumpStatus.lisp)
Linked: (/home/thulson/catkin_ws/devel/.private/ultraarm_communication/share/common-lisp/ros/ultraarm_communication/srv/_package_SetAngles.lisp, /home/thulson/catkin_ws/devel/share/common-lisp/ros/ultraarm_communication/srv/_package_SetAngles.lisp)
Linked: (/home/thulson/catkin_ws/devel/.private/ultraarm_communication/share/common-lisp/ros/ultraarm_communication/srv/SetAngles.lisp, /home/thulson/catkin_ws/devel/share/common-lisp/ros/ultraarm_communication/srv/SetAngles.lisp)
Linked: (/home/thulson/catkin_ws/devel/.private/ultraarm_communication/share/common-lisp/ros/ultraarm_communication/srv/_package_GetAngles.lisp, /home/thulson/catkin_ws/devel/share/common-lisp/ros/ultraarm_communication/srv/_package_GetAngles.lisp)
Linked: (/home/thulson/catkin_ws/devel/.private/ultraarm_communication/share/common-lisp/ros/ultraarm_communication/srv/_package.lisp, /home/thulson/catkin_ws/devel/share/common-lisp/ros/ultraarm_communication/srv/_package.lisp)
Linked: (/home/thulson/catkin_ws/devel/.private/ultraarm_communication/share/common-lisp/ros/ultraarm_communication/srv/GripperStatus.lisp, /home/thulson/catkin_ws/devel/share/common-lisp/ros/ultraarm_communication/srv/GripperStatus.lisp)
Linked: (/home/thulson/catkin_ws/devel/.private/ultraarm_communication/share/common-lisp/ros/ultraarm_communication/srv/_package_SetCoords.lisp, /home/thulson/catkin_ws/devel/share/common-lisp/ros/ultraarm_communication/srv/_package_SetCoords.lisp)
Linked: (/home/thulson/catkin_ws/devel/.private/ultraarm_communication/share/common-lisp/ros/ultraarm_communication/srv/_package_GetCoords.lisp, /home/thulson/catkin_ws/devel/share/common-lisp/ros/ultraarm_communication/srv/_package_GetCoords.lisp)
Linked: (/home/thulson/catkin_ws/devel/.private/ultraarm_communication/share/common-lisp/ros/ultraarm_communication/srv/GetAngles.lisp, /home/thulson/catkin_ws/devel/share/common-lisp/ros/ultraarm_communication/srv/GetAngles.lisp)
Linked: (/home/thulson/catkin_ws/devel/.private/ultraarm_communication/share/common-lisp/ros/ultraarm_communication/srv/SetCoords.lisp, /home/thulson/catkin_ws/devel/share/common-lisp/ros/ultraarm_communication/srv/SetCoords.lisp)
Linked: (/home/thulson/catkin_ws/devel/.private/ultraarm_communication/share/common-lisp/ros/ultraarm_communication/srv/_package_GripperStatus.lisp, /home/thulson/catkin_ws/devel/share/common-lisp/ros/ultraarm_communication/srv/_package_GripperStatus.lisp)
Linked: (/home/thulson/catkin_ws/devel/.private/ultraarm_communication/share/common-lisp/ros/ultraarm_communication/srv/ultraarm_communication-srv.asd, /home/thulson/catkin_ws/devel/share/common-lisp/ros/ultraarm_communication/srv/ultraarm_communication-srv.asd)
Linked: (/home/thulson/catkin_ws/devel/.private/ultraarm_communication/share/common-lisp/ros/ultraarm_communication/srv/GetCoords.lisp, /home/thulson/catkin_ws/devel/share/common-lisp/ros/ultraarm_communication/srv/GetCoords.lisp)
Linked: (/home/thulson/catkin_ws/devel/.private/ultraarm_communication/share/common-lisp/ros/ultraarm_communication/srv/PumpStatus.lisp, /home/thulson/catkin_ws/devel/share/common-lisp/ros/ultraarm_communication/srv/PumpStatus.lisp)
Linked: (/home/thulson/catkin_ws/devel/.private/ultraarm_communication/share/common-lisp/ros/ultraarm_communication/msg/_package_ultraArmSetAngles.lisp, /home/thulson/catkin_ws/devel/share/common-lisp/ros/ultraarm_communication/msg/_package_ultraArmSetAngles.lisp)
Linked: (/home/thulson/catkin_ws/devel/.private/ultraarm_communication/share/common-lisp/ros/ultraarm_communication/msg/_package.lisp, /home/thulson/catkin_ws/devel/share/common-lisp/ros/ultraarm_communication/msg/_package.lisp)
Linked: (/home/thulson/catkin_ws/devel/.private/ultraarm_communication/share/common-lisp/ros/ultraarm_communication/msg/ultraArmGripperStatus.lisp, /home/thulson/catkin_ws/devel/share/common-lisp/ros/ultraarm_communication/msg/ultraArmGripperStatus.lisp)
Linked: (/home/thulson/catkin_ws/devel/.private/ultraarm_communication/share/common-lisp/ros/ultraarm_communication/msg/_package_ultraArmSetCoords.lisp, /home/thulson/catkin_ws/devel/share/common-lisp/ros/ultraarm_communication/msg/_package_ultraArmSetCoords.lisp)
Linked: (/home/thulson/catkin_ws/devel/.private/ultraarm_communication/share/common-lisp/ros/ultraarm_communication/msg/ultraArmSetAngles.lisp, /home/thulson/catkin_ws/devel/share/common-lisp/ros/ultraarm_communication/msg/ultraArmSetAngles.lisp)
Linked: (/home/thulson/catkin_ws/devel/.private/ultraarm_communication/share/common-lisp/ros/ultraarm_communication/msg/ultraArmCoords.lisp, /home/thulson/catkin_ws/devel/share/common-lisp/ros/ultraarm_communication/msg/ultraArmCoords.lisp)
Linked: (/home/thulson/catkin_ws/devel/.private/ultraarm_communication/share/common-lisp/ros/ultraarm_communication/msg/_package_ultraArmAngles.lisp, /home/thulson/catkin_ws/devel/share/common-lisp/ros/ultraarm_communication/msg/_package_ultraArmAngles.lisp)
Linked: (/home/thulson/catkin_ws/devel/.private/ultraarm_communication/share/common-lisp/ros/ultraarm_communication/msg/_package_ultraArmCoords.lisp, /home/thulson/catkin_ws/devel/share/common-lisp/ros/ultraarm_communication/msg/_package_ultraArmCoords.lisp)
Linked: (/home/thulson/catkin_ws/devel/.private/ultraarm_communication/share/common-lisp/ros/ultraarm_communication/msg/_package_ultraArmGripperStatus.lisp, /home/thulson/catkin_ws/devel/share/common-lisp/ros/ultraarm_communication/msg/_package_ultraArmGripperStatus.lisp)
Linked: (/home/thulson/catkin_ws/devel/.private/ultraarm_communication/share/common-lisp/ros/ultraarm_communication/msg/_package_ultraArmPumpStatus.lisp, /home/thulson/catkin_ws/devel/share/common-lisp/ros/ultraarm_communication/msg/_package_ultraArmPumpStatus.lisp)
Linked: (/home/thulson/catkin_ws/devel/.private/ultraarm_communication/share/common-lisp/ros/ultraarm_communication/msg/ultraArmAngles.lisp, /home/thulson/catkin_ws/devel/share/common-lisp/ros/ultraarm_communication/msg/ultraArmAngles.lisp)
Linked: (/home/thulson/catkin_ws/devel/.private/ultraarm_communication/share/common-lisp/ros/ultraarm_communication/msg/ultraArmSetCoords.lisp, /home/thulson/catkin_ws/devel/share/common-lisp/ros/ultraarm_communication/msg/ultraArmSetCoords.lisp)
Linked: (/home/thulson/catkin_ws/devel/.private/ultraarm_communication/share/common-lisp/ros/ultraarm_communication/msg/ultraarm_communication-msg.asd, /home/thulson/catkin_ws/devel/share/common-lisp/ros/ultraarm_communication/msg/ultraarm_communication-msg.asd)
Linked: (/home/thulson/catkin_ws/devel/.private/ultraarm_communication/share/common-lisp/ros/ultraarm_communication/msg/ultraArmPumpStatus.lisp, /home/thulson/catkin_ws/devel/share/common-lisp/ros/ultraarm_communication/msg/ultraArmPumpStatus.lisp)
Linked: (/home/thulson/catkin_ws/devel/.private/ultraarm_communication/share/roseus/ros/ultraarm_communication/manifest.l, /home/thulson/catkin_ws/devel/share/roseus/ros/ultraarm_communication/manifest.l)
Linked: (/home/thulson/catkin_ws/devel/.private/ultraarm_communication/share/roseus/ros/ultraarm_communication/srv/GetAngles.l, /home/thulson/catkin_ws/devel/share/roseus/ros/ultraarm_communication/srv/GetAngles.l)
Linked: (/home/thulson/catkin_ws/devel/.private/ultraarm_communication/share/roseus/ros/ultraarm_communication/srv/GetCoords.l, /home/thulson/catkin_ws/devel/share/roseus/ros/ultraarm_communication/srv/GetCoords.l)
Linked: (/home/thulson/catkin_ws/devel/.private/ultraarm_communication/share/roseus/ros/ultraarm_communication/srv/GripperStatus.l, /home/thulson/catkin_ws/devel/share/roseus/ros/ultraarm_communication/srv/GripperStatus.l)
Linked: (/home/thulson/catkin_ws/devel/.private/ultraarm_communication/share/roseus/ros/ultraarm_communication/srv/SetAngles.l, /home/thulson/catkin_ws/devel/share/roseus/ros/ultraarm_communication/srv/SetAngles.l)
Linked: (/home/thulson/catkin_ws/devel/.private/ultraarm_communication/share/roseus/ros/ultraarm_communication/srv/SetCoords.l, /home/thulson/catkin_ws/devel/share/roseus/ros/ultraarm_communication/srv/SetCoords.l)
Linked: (/home/thulson/catkin_ws/devel/.private/ultraarm_communication/share/roseus/ros/ultraarm_communication/srv/PumpStatus.l, /home/thulson/catkin_ws/devel/share/roseus/ros/ultraarm_communication/srv/PumpStatus.l)
Linked: (/home/thulson/catkin_ws/devel/.private/ultraarm_communication/share/roseus/ros/ultraarm_communication/msg/ultraArmSetCoords.l, /home/thulson/catkin_ws/devel/share/roseus/ros/ultraarm_communication/msg/ultraArmSetCoords.l)
Linked: (/home/thulson/catkin_ws/devel/.private/ultraarm_communication/share/roseus/ros/ultraarm_communication/msg/ultraArmCoords.l, /home/thulson/catkin_ws/devel/share/roseus/ros/ultraarm_communication/msg/ultraArmCoords.l)
Linked: (/home/thulson/catkin_ws/devel/.private/ultraarm_communication/share/roseus/ros/ultraarm_communication/msg/ultraArmPumpStatus.l, /home/thulson/catkin_ws/devel/share/roseus/ros/ultraarm_communication/msg/ultraArmPumpStatus.l)
Linked: (/home/thulson/catkin_ws/devel/.private/ultraarm_communication/share/roseus/ros/ultraarm_communication/msg/ultraArmAngles.l, /home/thulson/catkin_ws/devel/share/roseus/ros/ultraarm_communication/msg/ultraArmAngles.l)
Linked: (/home/thulson/catkin_ws/devel/.private/ultraarm_communication/share/roseus/ros/ultraarm_communication/msg/ultraArmSetAngles.l, /home/thulson/catkin_ws/devel/share/roseus/ros/ultraarm_communication/msg/ultraArmSetAngles.l)
Linked: (/home/thulson/catkin_ws/devel/.private/ultraarm_communication/share/roseus/ros/ultraarm_communication/msg/ultraArmGripperStatus.l, /home/thulson/catkin_ws/devel/share/roseus/ros/ultraarm_communication/msg/ultraArmGripperStatus.l)
Linked: (/home/thulson/catkin_ws/devel/.private/ultraarm_communication/share/gennodejs/ros/ultraarm_communication/_index.js, /home/thulson/catkin_ws/devel/share/gennodejs/ros/ultraarm_communication/_index.js)
Linked: (/home/thulson/catkin_ws/devel/.private/ultraarm_communication/share/gennodejs/ros/ultraarm_communication/srv/GetAngles.js, /home/thulson/catkin_ws/devel/share/gennodejs/ros/ultraarm_communication/srv/GetAngles.js)
Linked: (/home/thulson/catkin_ws/devel/.private/ultraarm_communication/share/gennodejs/ros/ultraarm_communication/srv/_index.js, /home/thulson/catkin_ws/devel/share/gennodejs/ros/ultraarm_communication/srv/_index.js)
Linked: (/home/thulson/catkin_ws/devel/.private/ultraarm_communication/share/gennodejs/ros/ultraarm_communication/srv/SetAngles.js, /home/thulson/catkin_ws/devel/share/gennodejs/ros/ultraarm_communication/srv/SetAngles.js)
Linked: (/home/thulson/catkin_ws/devel/.private/ultraarm_communication/share/gennodejs/ros/ultraarm_communication/srv/GetCoords.js, /home/thulson/catkin_ws/devel/share/gennodejs/ros/ultraarm_communication/srv/GetCoords.js)
Linked: (/home/thulson/catkin_ws/devel/.private/ultraarm_communication/share/gennodejs/ros/ultraarm_communication/srv/SetCoords.js, /home/thulson/catkin_ws/devel/share/gennodejs/ros/ultraarm_communication/srv/SetCoords.js)
Linked: (/home/thulson/catkin_ws/devel/.private/ultraarm_communication/share/gennodejs/ros/ultraarm_communication/srv/PumpStatus.js, /home/thulson/catkin_ws/devel/share/gennodejs/ros/ultraarm_communication/srv/PumpStatus.js)
Linked: (/home/thulson/catkin_ws/devel/.private/ultraarm_communication/share/gennodejs/ros/ultraarm_communication/srv/GripperStatus.js, /home/thulson/catkin_ws/devel/share/gennodejs/ros/ultraarm_communication/srv/GripperStatus.js)
Linked: (/home/thulson/catkin_ws/devel/.private/ultraarm_communication/share/gennodejs/ros/ultraarm_communication/msg/ultraArmPumpStatus.js, /home/thulson/catkin_ws/devel/share/gennodejs/ros/ultraarm_communication/msg/ultraArmPumpStatus.js)
Linked: (/home/thulson/catkin_ws/devel/.private/ultraarm_communication/share/gennodejs/ros/ultraarm_communication/msg/_index.js, /home/thulson/catkin_ws/devel/share/gennodejs/ros/ultraarm_communication/msg/_index.js)
Linked: (/home/thulson/catkin_ws/devel/.private/ultraarm_communication/share/gennodejs/ros/ultraarm_communication/msg/ultraArmGripperStatus.js, /home/thulson/catkin_ws/devel/share/gennodejs/ros/ultraarm_communication/msg/ultraArmGripperStatus.js)
Linked: (/home/thulson/catkin_ws/devel/.private/ultraarm_communication/share/gennodejs/ros/ultraarm_communication/msg/ultraArmSetCoords.js, /home/thulson/catkin_ws/devel/share/gennodejs/ros/ultraarm_communication/msg/ultraArmSetCoords.js)
Linked: (/home/thulson/catkin_ws/devel/.private/ultraarm_communication/share/gennodejs/ros/ultraarm_communication/msg/ultraArmSetAngles.js, /home/thulson/catkin_ws/devel/share/gennodejs/ros/ultraarm_communication/msg/ultraArmSetAngles.js)
Linked: (/home/thulson/catkin_ws/devel/.private/ultraarm_communication/share/gennodejs/ros/ultraarm_communication/msg/ultraArmCoords.js, /home/thulson/catkin_ws/devel/share/gennodejs/ros/ultraarm_communication/msg/ultraArmCoords.js)
Linked: (/home/thulson/catkin_ws/devel/.private/ultraarm_communication/share/gennodejs/ros/ultraarm_communication/msg/ultraArmAngles.js, /home/thulson/catkin_ws/devel/share/gennodejs/ros/ultraarm_communication/msg/ultraArmAngles.js)
Linked: (/home/thulson/catkin_ws/devel/.private/ultraarm_communication/share/ultraarm_communication/cmake/ultraarm_communication-msg-extras.cmake, /home/thulson/catkin_ws/devel/share/ultraarm_communication/cmake/ultraarm_communication-msg-extras.cmake)
Linked: (/home/thulson/catkin_ws/devel/.private/ultraarm_communication/share/ultraarm_communication/cmake/ultraarm_communicationConfig-version.cmake, /home/thulson/catkin_ws/devel/share/ultraarm_communication/cmake/ultraarm_communicationConfig-version.cmake)
Linked: (/home/thulson/catkin_ws/devel/.private/ultraarm_communication/share/ultraarm_communication/cmake/ultraarm_communication-msg-paths.cmake, /home/thulson/catkin_ws/devel/share/ultraarm_communication/cmake/ultraarm_communication-msg-paths.cmake)
Linked: (/home/thulson/catkin_ws/devel/.private/ultraarm_communication/share/ultraarm_communication/cmake/ultraarm_communicationConfig.cmake, /home/thulson/catkin_ws/devel/share/ultraarm_communication/cmake/ultraarm_communicationConfig.cmake)
