Linked: (/home/thulson/catkin_ws/devel/.private/mybuddy_communication/lib/mybuddy_communication/mybuddy_services.py, /home/thulson/catkin_ws/devel/lib/mybuddy_communication/mybuddy_services.py)
Linked: (/home/thulson/catkin_ws/devel/.private/mybuddy_communication/lib/mybuddy_communication/cmake.lock, /home/thulson/catkin_ws/devel/lib/mybuddy_communication/cmake.lock)
Linked: (/home/thulson/catkin_ws/devel/.private/mybuddy_communication/lib/mybuddy_communication/mybuddy_topics.py, /home/thulson/catkin_ws/devel/lib/mybuddy_communication/mybuddy_topics.py)
Linked: (/home/thulson/catkin_ws/devel/.private/mybuddy_communication/lib/python3/dist-packages/mybuddy_communication/__init__.py, /home/thulson/catkin_ws/devel/lib/python3/dist-packages/mybuddy_communication/__init__.py)
Linked: (/home/thulson/catkin_ws/devel/.private/mybuddy_communication/lib/python3/dist-packages/mybuddy_communication/srv/_SetAngles.py, /home/thulson/catkin_ws/devel/lib/python3/dist-packages/mybuddy_communication/srv/_SetAngles.py)
Linked: (/home/thulson/catkin_ws/devel/.private/mybuddy_communication/lib/python3/dist-packages/mybuddy_communication/srv/_GetCoords.py, /home/thulson/catkin_ws/devel/lib/python3/dist-packages/mybuddy_communication/srv/_GetCoords.py)
Linked: (/home/thulson/catkin_ws/devel/.private/mybuddy_communication/lib/python3/dist-packages/mybuddy_communication/srv/_GripperStatus.py, /home/thulson/catkin_ws/devel/lib/python3/dist-packages/mybuddy_communication/srv/_GripperStatus.py)
Linked: (/home/thulson/catkin_ws/devel/.private/mybuddy_communication/lib/python3/dist-packages/mybuddy_communication/srv/_SetCoords.py, /home/thulson/catkin_ws/devel/lib/python3/dist-packages/mybuddy_communication/srv/_SetCoords.py)
Linked: (/home/thulson/catkin_ws/devel/.private/mybuddy_communication/lib/python3/dist-packages/mybuddy_communication/srv/_PumpStatus.py, /home/thulson/catkin_ws/devel/lib/python3/dist-packages/mybuddy_communication/srv/_PumpStatus.py)
Linked: (/home/thulson/catkin_ws/devel/.private/mybuddy_communication/lib/python3/dist-packages/mybuddy_communication/srv/_GetAngles.py, /home/thulson/catkin_ws/devel/lib/python3/dist-packages/mybuddy_communication/srv/_GetAngles.py)
Linked: (/home/thulson/catkin_ws/devel/.private/mybuddy_communication/lib/python3/dist-packages/mybuddy_communication/srv/__init__.py, /home/thulson/catkin_ws/devel/lib/python3/dist-packages/mybuddy_communication/srv/__init__.py)
Linked: (/home/thulson/catkin_ws/devel/.private/mybuddy_communication/lib/python3/dist-packages/mybuddy_communication/msg/_MybuddyGripperStatus.py, /home/thulson/catkin_ws/devel/lib/python3/dist-packages/mybuddy_communication/msg/_MybuddyGripperStatus.py)
Linked: (/home/thulson/catkin_ws/devel/.private/mybuddy_communication/lib/python3/dist-packages/mybuddy_communication/msg/_MybuddyCoords.py, /home/thulson/catkin_ws/devel/lib/python3/dist-packages/mybuddy_communication/msg/_MybuddyCoords.py)
Linked: (/home/thulson/catkin_ws/devel/.private/mybuddy_communication/lib/python3/dist-packages/mybuddy_communication/msg/_MybuddyPumpStatus.py, /home/thulson/catkin_ws/devel/lib/python3/dist-packages/mybuddy_communication/msg/_MybuddyPumpStatus.py)
Linked: (/home/thulson/catkin_ws/devel/.private/mybuddy_communication/lib/python3/dist-packages/mybuddy_communication/msg/_MybuddySetCoords.py, /home/thulson/catkin_ws/devel/lib/python3/dist-packages/mybuddy_communication/msg/_MybuddySetCoords.py)
Linked: (/home/thulson/catkin_ws/devel/.private/mybuddy_communication/lib/python3/dist-packages/mybuddy_communication/msg/_MybuddySetAngles.py, /home/thulson/catkin_ws/devel/lib/python3/dist-packages/mybuddy_communication/msg/_MybuddySetAngles.py)
Linked: (/home/thulson/catkin_ws/devel/.private/mybuddy_communication/lib/python3/dist-packages/mybuddy_communication/msg/_MybuddyAngles.py, /home/thulson/catkin_ws/devel/lib/python3/dist-packages/mybuddy_communication/msg/_MybuddyAngles.py)
Linked: (/home/thulson/catkin_ws/devel/.private/mybuddy_communication/lib/python3/dist-packages/mybuddy_communication/msg/__init__.py, /home/thulson/catkin_ws/devel/lib/python3/dist-packages/mybuddy_communication/msg/__init__.py)
Linked: (/home/thulson/catkin_ws/devel/.private/mybuddy_communication/lib/pkgconfig/mybuddy_communication.pc, /home/thulson/catkin_ws/devel/lib/pkgconfig/mybuddy_communication.pc)
Linked: (/home/thulson/catkin_ws/devel/.private/mybuddy_communication/include/mybuddy_communication/MybuddyGripperStatus.h, /home/thulson/catkin_ws/devel/include/mybuddy_communication/MybuddyGripperStatus.h)
Linked: (/home/thulson/catkin_ws/devel/.private/mybuddy_communication/include/mybuddy_communication/SetAnglesResponse.h, /home/thulson/catkin_ws/devel/include/mybuddy_communication/SetAnglesResponse.h)
Linked: (/home/thulson/catkin_ws/devel/.private/mybuddy_communication/include/mybuddy_communication/GetCoordsResponse.h, /home/thulson/catkin_ws/devel/include/mybuddy_communication/GetCoordsResponse.h)
Linked: (/home/thulson/catkin_ws/devel/.private/mybuddy_communication/include/mybuddy_communication/PumpStatusRequest.h, /home/thulson/catkin_ws/devel/include/mybuddy_communication/PumpStatusRequest.h)
Linked: (/home/thulson/catkin_ws/devel/.private/mybuddy_communication/include/mybuddy_communication/SetCoords.h, /home/thulson/catkin_ws/devel/include/mybuddy_communication/SetCoords.h)
Linked: (/home/thulson/catkin_ws/devel/.private/mybuddy_communication/include/mybuddy_communication/GetAnglesRequest.h, /home/thulson/catkin_ws/devel/include/mybuddy_communication/GetAnglesRequest.h)
Linked: (/home/thulson/catkin_ws/devel/.private/mybuddy_communication/include/mybuddy_communication/GetCoords.h, /home/thulson/catkin_ws/devel/include/mybuddy_communication/GetCoords.h)
Linked: (/home/thulson/catkin_ws/devel/.private/mybuddy_communication/include/mybuddy_communication/MybuddyCoords.h, /home/thulson/catkin_ws/devel/include/mybuddy_communication/MybuddyCoords.h)
Linked: (/home/thulson/catkin_ws/devel/.private/mybuddy_communication/include/mybuddy_communication/MybuddySetAngles.h, /home/thulson/catkin_ws/devel/include/mybuddy_communication/MybuddySetAngles.h)
Linked: (/home/thulson/catkin_ws/devel/.private/mybuddy_communication/include/mybuddy_communication/MybuddySetCoords.h, /home/thulson/catkin_ws/devel/include/mybuddy_communication/MybuddySetCoords.h)
Linked: (/home/thulson/catkin_ws/devel/.private/mybuddy_communication/include/mybuddy_communication/GripperStatus.h, /home/thulson/catkin_ws/devel/include/mybuddy_communication/GripperStatus.h)
Linked: (/home/thulson/catkin_ws/devel/.private/mybuddy_communication/include/mybuddy_communication/MybuddyPumpStatus.h, /home/thulson/catkin_ws/devel/include/mybuddy_communication/MybuddyPumpStatus.h)
Linked: (/home/thulson/catkin_ws/devel/.private/mybuddy_communication/include/mybuddy_communication/PumpStatus.h, /home/thulson/catkin_ws/devel/include/mybuddy_communication/PumpStatus.h)
Linked: (/home/thulson/catkin_ws/devel/.private/mybuddy_communication/include/mybuddy_communication/SetAnglesRequest.h, /home/thulson/catkin_ws/devel/include/mybuddy_communication/SetAnglesRequest.h)
Linked: (/home/thulson/catkin_ws/devel/.private/mybuddy_communication/include/mybuddy_communication/GetAngles.h, /home/thulson/catkin_ws/devel/include/mybuddy_communication/GetAngles.h)
Linked: (/home/thulson/catkin_ws/devel/.private/mybuddy_communication/include/mybuddy_communication/SetCoordsRequest.h, /home/thulson/catkin_ws/devel/include/mybuddy_communication/SetCoordsRequest.h)
Linked: (/home/thulson/catkin_ws/devel/.private/mybuddy_communication/include/mybuddy_communication/GripperStatusRequest.h, /home/thulson/catkin_ws/devel/include/mybuddy_communication/GripperStatusRequest.h)
Linked: (/home/thulson/catkin_ws/devel/.private/mybuddy_communication/include/mybuddy_communication/MybuddyAngles.h, /home/thulson/catkin_ws/devel/include/mybuddy_communication/MybuddyAngles.h)
Linked: (/home/thulson/catkin_ws/devel/.private/mybuddy_communication/include/mybuddy_communication/GetCoordsRequest.h, /home/thulson/catkin_ws/devel/include/mybuddy_communication/GetCoordsRequest.h)
Linked: (/home/thulson/catkin_ws/devel/.private/mybuddy_communication/include/mybuddy_communication/SetCoordsResponse.h, /home/thulson/catkin_ws/devel/include/mybuddy_communication/SetCoordsResponse.h)
Linked: (/home/thulson/catkin_ws/devel/.private/mybuddy_communication/include/mybuddy_communication/GetAnglesResponse.h, /home/thulson/catkin_ws/devel/include/mybuddy_communication/GetAnglesResponse.h)
Linked: (/home/thulson/catkin_ws/devel/.private/mybuddy_communication/include/mybuddy_communication/PumpStatusResponse.h, /home/thulson/catkin_ws/devel/include/mybuddy_communication/PumpStatusResponse.h)
Linked: (/home/thulson/catkin_ws/devel/.private/mybuddy_communication/include/mybuddy_communication/GripperStatusResponse.h, /home/thulson/catkin_ws/devel/include/mybuddy_communication/GripperStatusResponse.h)
Linked: (/home/thulson/catkin_ws/devel/.private/mybuddy_communication/include/mybuddy_communication/SetAngles.h, /home/thulson/catkin_ws/devel/include/mybuddy_communication/SetAngles.h)
Linked: (/home/thulson/catkin_ws/devel/.private/mybuddy_communication/share/mybuddy_communication/cmake/mybuddy_communicationConfig-version.cmake, /home/thulson/catkin_ws/devel/share/mybuddy_communication/cmake/mybuddy_communicationConfig-version.cmake)
Linked: (/home/thulson/catkin_ws/devel/.private/mybuddy_communication/share/mybuddy_communication/cmake/mybuddy_communication-msg-extras.cmake, /home/thulson/catkin_ws/devel/share/mybuddy_communication/cmake/mybuddy_communication-msg-extras.cmake)
Linked: (/home/thulson/catkin_ws/devel/.private/mybuddy_communication/share/mybuddy_communication/cmake/mybuddy_communication-msg-paths.cmake, /home/thulson/catkin_ws/devel/share/mybuddy_communication/cmake/mybuddy_communication-msg-paths.cmake)
Linked: (/home/thulson/catkin_ws/devel/.private/mybuddy_communication/share/mybuddy_communication/cmake/mybuddy_communicationConfig.cmake, /home/thulson/catkin_ws/devel/share/mybuddy_communication/cmake/mybuddy_communicationConfig.cmake)
Linked: (/home/thulson/catkin_ws/devel/.private/mybuddy_communication/share/common-lisp/ros/mybuddy_communication/srv/_package_PumpStatus.lisp, /home/thulson/catkin_ws/devel/share/common-lisp/ros/mybuddy_communication/srv/_package_PumpStatus.lisp)
Linked: (/home/thulson/catkin_ws/devel/.private/mybuddy_communication/share/common-lisp/ros/mybuddy_communication/srv/_package_SetAngles.lisp, /home/thulson/catkin_ws/devel/share/common-lisp/ros/mybuddy_communication/srv/_package_SetAngles.lisp)
Linked: (/home/thulson/catkin_ws/devel/.private/mybuddy_communication/share/common-lisp/ros/mybuddy_communication/srv/SetAngles.lisp, /home/thulson/catkin_ws/devel/share/common-lisp/ros/mybuddy_communication/srv/SetAngles.lisp)
Linked: (/home/thulson/catkin_ws/devel/.private/mybuddy_communication/share/common-lisp/ros/mybuddy_communication/srv/_package_GetAngles.lisp, /home/thulson/catkin_ws/devel/share/common-lisp/ros/mybuddy_communication/srv/_package_GetAngles.lisp)
Linked: (/home/thulson/catkin_ws/devel/.private/mybuddy_communication/share/common-lisp/ros/mybuddy_communication/srv/_package.lisp, /home/thulson/catkin_ws/devel/share/common-lisp/ros/mybuddy_communication/srv/_package.lisp)
Linked: (/home/thulson/catkin_ws/devel/.private/mybuddy_communication/share/common-lisp/ros/mybuddy_communication/srv/GripperStatus.lisp, /home/thulson/catkin_ws/devel/share/common-lisp/ros/mybuddy_communication/srv/GripperStatus.lisp)
Linked: (/home/thulson/catkin_ws/devel/.private/mybuddy_communication/share/common-lisp/ros/mybuddy_communication/srv/_package_SetCoords.lisp, /home/thulson/catkin_ws/devel/share/common-lisp/ros/mybuddy_communication/srv/_package_SetCoords.lisp)
Linked: (/home/thulson/catkin_ws/devel/.private/mybuddy_communication/share/common-lisp/ros/mybuddy_communication/srv/_package_GetCoords.lisp, /home/thulson/catkin_ws/devel/share/common-lisp/ros/mybuddy_communication/srv/_package_GetCoords.lisp)
Linked: (/home/thulson/catkin_ws/devel/.private/mybuddy_communication/share/common-lisp/ros/mybuddy_communication/srv/GetAngles.lisp, /home/thulson/catkin_ws/devel/share/common-lisp/ros/mybuddy_communication/srv/GetAngles.lisp)
Linked: (/home/thulson/catkin_ws/devel/.private/mybuddy_communication/share/common-lisp/ros/mybuddy_communication/srv/SetCoords.lisp, /home/thulson/catkin_ws/devel/share/common-lisp/ros/mybuddy_communication/srv/SetCoords.lisp)
Linked: (/home/thulson/catkin_ws/devel/.private/mybuddy_communication/share/common-lisp/ros/mybuddy_communication/srv/_package_GripperStatus.lisp, /home/thulson/catkin_ws/devel/share/common-lisp/ros/mybuddy_communication/srv/_package_GripperStatus.lisp)
Linked: (/home/thulson/catkin_ws/devel/.private/mybuddy_communication/share/common-lisp/ros/mybuddy_communication/srv/mybuddy_communication-srv.asd, /home/thulson/catkin_ws/devel/share/common-lisp/ros/mybuddy_communication/srv/mybuddy_communication-srv.asd)
Linked: (/home/thulson/catkin_ws/devel/.private/mybuddy_communication/share/common-lisp/ros/mybuddy_communication/srv/GetCoords.lisp, /home/thulson/catkin_ws/devel/share/common-lisp/ros/mybuddy_communication/srv/GetCoords.lisp)
Linked: (/home/thulson/catkin_ws/devel/.private/mybuddy_communication/share/common-lisp/ros/mybuddy_communication/srv/PumpStatus.lisp, /home/thulson/catkin_ws/devel/share/common-lisp/ros/mybuddy_communication/srv/PumpStatus.lisp)
Linked: (/home/thulson/catkin_ws/devel/.private/mybuddy_communication/share/common-lisp/ros/mybuddy_communication/msg/MybuddyGripperStatus.lisp, /home/thulson/catkin_ws/devel/share/common-lisp/ros/mybuddy_communication/msg/MybuddyGripperStatus.lisp)
Linked: (/home/thulson/catkin_ws/devel/.private/mybuddy_communication/share/common-lisp/ros/mybuddy_communication/msg/_package_MybuddyCoords.lisp, /home/thulson/catkin_ws/devel/share/common-lisp/ros/mybuddy_communication/msg/_package_MybuddyCoords.lisp)
Linked: (/home/thulson/catkin_ws/devel/.private/mybuddy_communication/share/common-lisp/ros/mybuddy_communication/msg/_package.lisp, /home/thulson/catkin_ws/devel/share/common-lisp/ros/mybuddy_communication/msg/_package.lisp)
Linked: (/home/thulson/catkin_ws/devel/.private/mybuddy_communication/share/common-lisp/ros/mybuddy_communication/msg/MybuddyAngles.lisp, /home/thulson/catkin_ws/devel/share/common-lisp/ros/mybuddy_communication/msg/MybuddyAngles.lisp)
Linked: (/home/thulson/catkin_ws/devel/.private/mybuddy_communication/share/common-lisp/ros/mybuddy_communication/msg/MybuddySetCoords.lisp, /home/thulson/catkin_ws/devel/share/common-lisp/ros/mybuddy_communication/msg/MybuddySetCoords.lisp)
Linked: (/home/thulson/catkin_ws/devel/.private/mybuddy_communication/share/common-lisp/ros/mybuddy_communication/msg/MybuddySetAngles.lisp, /home/thulson/catkin_ws/devel/share/common-lisp/ros/mybuddy_communication/msg/MybuddySetAngles.lisp)
Linked: (/home/thulson/catkin_ws/devel/.private/mybuddy_communication/share/common-lisp/ros/mybuddy_communication/msg/_package_MybuddySetCoords.lisp, /home/thulson/catkin_ws/devel/share/common-lisp/ros/mybuddy_communication/msg/_package_MybuddySetCoords.lisp)
Linked: (/home/thulson/catkin_ws/devel/.private/mybuddy_communication/share/common-lisp/ros/mybuddy_communication/msg/_package_MybuddySetAngles.lisp, /home/thulson/catkin_ws/devel/share/common-lisp/ros/mybuddy_communication/msg/_package_MybuddySetAngles.lisp)
Linked: (/home/thulson/catkin_ws/devel/.private/mybuddy_communication/share/common-lisp/ros/mybuddy_communication/msg/MybuddyPumpStatus.lisp, /home/thulson/catkin_ws/devel/share/common-lisp/ros/mybuddy_communication/msg/MybuddyPumpStatus.lisp)
Linked: (/home/thulson/catkin_ws/devel/.private/mybuddy_communication/share/common-lisp/ros/mybuddy_communication/msg/_package_MybuddyAngles.lisp, /home/thulson/catkin_ws/devel/share/common-lisp/ros/mybuddy_communication/msg/_package_MybuddyAngles.lisp)
Linked: (/home/thulson/catkin_ws/devel/.private/mybuddy_communication/share/common-lisp/ros/mybuddy_communication/msg/_package_MybuddyPumpStatus.lisp, /home/thulson/catkin_ws/devel/share/common-lisp/ros/mybuddy_communication/msg/_package_MybuddyPumpStatus.lisp)
Linked: (/home/thulson/catkin_ws/devel/.private/mybuddy_communication/share/common-lisp/ros/mybuddy_communication/msg/mybuddy_communication-msg.asd, /home/thulson/catkin_ws/devel/share/common-lisp/ros/mybuddy_communication/msg/mybuddy_communication-msg.asd)
Linked: (/home/thulson/catkin_ws/devel/.private/mybuddy_communication/share/common-lisp/ros/mybuddy_communication/msg/_package_MybuddyGripperStatus.lisp, /home/thulson/catkin_ws/devel/share/common-lisp/ros/mybuddy_communication/msg/_package_MybuddyGripperStatus.lisp)
Linked: (/home/thulson/catkin_ws/devel/.private/mybuddy_communication/share/common-lisp/ros/mybuddy_communication/msg/MybuddyCoords.lisp, /home/thulson/catkin_ws/devel/share/common-lisp/ros/mybuddy_communication/msg/MybuddyCoords.lisp)
Linked: (/home/thulson/catkin_ws/devel/.private/mybuddy_communication/share/roseus/ros/mybuddy_communication/manifest.l, /home/thulson/catkin_ws/devel/share/roseus/ros/mybuddy_communication/manifest.l)
Linked: (/home/thulson/catkin_ws/devel/.private/mybuddy_communication/share/roseus/ros/mybuddy_communication/srv/GetAngles.l, /home/thulson/catkin_ws/devel/share/roseus/ros/mybuddy_communication/srv/GetAngles.l)
Linked: (/home/thulson/catkin_ws/devel/.private/mybuddy_communication/share/roseus/ros/mybuddy_communication/srv/GetCoords.l, /home/thulson/catkin_ws/devel/share/roseus/ros/mybuddy_communication/srv/GetCoords.l)
Linked: (/home/thulson/catkin_ws/devel/.private/mybuddy_communication/share/roseus/ros/mybuddy_communication/srv/GripperStatus.l, /home/thulson/catkin_ws/devel/share/roseus/ros/mybuddy_communication/srv/GripperStatus.l)
Linked: (/home/thulson/catkin_ws/devel/.private/mybuddy_communication/share/roseus/ros/mybuddy_communication/srv/SetAngles.l, /home/thulson/catkin_ws/devel/share/roseus/ros/mybuddy_communication/srv/SetAngles.l)
Linked: (/home/thulson/catkin_ws/devel/.private/mybuddy_communication/share/roseus/ros/mybuddy_communication/srv/SetCoords.l, /home/thulson/catkin_ws/devel/share/roseus/ros/mybuddy_communication/srv/SetCoords.l)
Linked: (/home/thulson/catkin_ws/devel/.private/mybuddy_communication/share/roseus/ros/mybuddy_communication/srv/PumpStatus.l, /home/thulson/catkin_ws/devel/share/roseus/ros/mybuddy_communication/srv/PumpStatus.l)
Linked: (/home/thulson/catkin_ws/devel/.private/mybuddy_communication/share/roseus/ros/mybuddy_communication/msg/MybuddySetCoords.l, /home/thulson/catkin_ws/devel/share/roseus/ros/mybuddy_communication/msg/MybuddySetCoords.l)
Linked: (/home/thulson/catkin_ws/devel/.private/mybuddy_communication/share/roseus/ros/mybuddy_communication/msg/MybuddyCoords.l, /home/thulson/catkin_ws/devel/share/roseus/ros/mybuddy_communication/msg/MybuddyCoords.l)
Linked: (/home/thulson/catkin_ws/devel/.private/mybuddy_communication/share/roseus/ros/mybuddy_communication/msg/MybuddyPumpStatus.l, /home/thulson/catkin_ws/devel/share/roseus/ros/mybuddy_communication/msg/MybuddyPumpStatus.l)
Linked: (/home/thulson/catkin_ws/devel/.private/mybuddy_communication/share/roseus/ros/mybuddy_communication/msg/MybuddySetAngles.l, /home/thulson/catkin_ws/devel/share/roseus/ros/mybuddy_communication/msg/MybuddySetAngles.l)
Linked: (/home/thulson/catkin_ws/devel/.private/mybuddy_communication/share/roseus/ros/mybuddy_communication/msg/MybuddyAngles.l, /home/thulson/catkin_ws/devel/share/roseus/ros/mybuddy_communication/msg/MybuddyAngles.l)
Linked: (/home/thulson/catkin_ws/devel/.private/mybuddy_communication/share/roseus/ros/mybuddy_communication/msg/MybuddyGripperStatus.l, /home/thulson/catkin_ws/devel/share/roseus/ros/mybuddy_communication/msg/MybuddyGripperStatus.l)
Linked: (/home/thulson/catkin_ws/devel/.private/mybuddy_communication/share/gennodejs/ros/mybuddy_communication/_index.js, /home/thulson/catkin_ws/devel/share/gennodejs/ros/mybuddy_communication/_index.js)
Linked: (/home/thulson/catkin_ws/devel/.private/mybuddy_communication/share/gennodejs/ros/mybuddy_communication/srv/GetAngles.js, /home/thulson/catkin_ws/devel/share/gennodejs/ros/mybuddy_communication/srv/GetAngles.js)
Linked: (/home/thulson/catkin_ws/devel/.private/mybuddy_communication/share/gennodejs/ros/mybuddy_communication/srv/_index.js, /home/thulson/catkin_ws/devel/share/gennodejs/ros/mybuddy_communication/srv/_index.js)
Linked: (/home/thulson/catkin_ws/devel/.private/mybuddy_communication/share/gennodejs/ros/mybuddy_communication/srv/SetAngles.js, /home/thulson/catkin_ws/devel/share/gennodejs/ros/mybuddy_communication/srv/SetAngles.js)
Linked: (/home/thulson/catkin_ws/devel/.private/mybuddy_communication/share/gennodejs/ros/mybuddy_communication/srv/GetCoords.js, /home/thulson/catkin_ws/devel/share/gennodejs/ros/mybuddy_communication/srv/GetCoords.js)
Linked: (/home/thulson/catkin_ws/devel/.private/mybuddy_communication/share/gennodejs/ros/mybuddy_communication/srv/SetCoords.js, /home/thulson/catkin_ws/devel/share/gennodejs/ros/mybuddy_communication/srv/SetCoords.js)
Linked: (/home/thulson/catkin_ws/devel/.private/mybuddy_communication/share/gennodejs/ros/mybuddy_communication/srv/PumpStatus.js, /home/thulson/catkin_ws/devel/share/gennodejs/ros/mybuddy_communication/srv/PumpStatus.js)
Linked: (/home/thulson/catkin_ws/devel/.private/mybuddy_communication/share/gennodejs/ros/mybuddy_communication/srv/GripperStatus.js, /home/thulson/catkin_ws/devel/share/gennodejs/ros/mybuddy_communication/srv/GripperStatus.js)
Linked: (/home/thulson/catkin_ws/devel/.private/mybuddy_communication/share/gennodejs/ros/mybuddy_communication/msg/MybuddyGripperStatus.js, /home/thulson/catkin_ws/devel/share/gennodejs/ros/mybuddy_communication/msg/MybuddyGripperStatus.js)
Linked: (/home/thulson/catkin_ws/devel/.private/mybuddy_communication/share/gennodejs/ros/mybuddy_communication/msg/_index.js, /home/thulson/catkin_ws/devel/share/gennodejs/ros/mybuddy_communication/msg/_index.js)
Linked: (/home/thulson/catkin_ws/devel/.private/mybuddy_communication/share/gennodejs/ros/mybuddy_communication/msg/MybuddyPumpStatus.js, /home/thulson/catkin_ws/devel/share/gennodejs/ros/mybuddy_communication/msg/MybuddyPumpStatus.js)
Linked: (/home/thulson/catkin_ws/devel/.private/mybuddy_communication/share/gennodejs/ros/mybuddy_communication/msg/MybuddySetCoords.js, /home/thulson/catkin_ws/devel/share/gennodejs/ros/mybuddy_communication/msg/MybuddySetCoords.js)
Linked: (/home/thulson/catkin_ws/devel/.private/mybuddy_communication/share/gennodejs/ros/mybuddy_communication/msg/MybuddyCoords.js, /home/thulson/catkin_ws/devel/share/gennodejs/ros/mybuddy_communication/msg/MybuddyCoords.js)
Linked: (/home/thulson/catkin_ws/devel/.private/mybuddy_communication/share/gennodejs/ros/mybuddy_communication/msg/MybuddySetAngles.js, /home/thulson/catkin_ws/devel/share/gennodejs/ros/mybuddy_communication/msg/MybuddySetAngles.js)
Linked: (/home/thulson/catkin_ws/devel/.private/mybuddy_communication/share/gennodejs/ros/mybuddy_communication/msg/MybuddyAngles.js, /home/thulson/catkin_ws/devel/share/gennodejs/ros/mybuddy_communication/msg/MybuddyAngles.js)
