[  0%] Built target std_msgs_generate_messages_eus
[  0%] Built target _myarm_communication_generate_messages_check_deps_MyArmCoords
[  0%] Built target _myarm_communication_generate_messages_check_deps_GetCoords
[  0%] Built target _myarm_communication_generate_messages_check_deps_SetAngles
[  0%] Built target _myarm_communication_generate_messages_check_deps_GetAngles
[  0%] Built target _myarm_communication_generate_messages_check_deps_MyArmSetAngles
[  0%] Built target _myarm_communication_generate_messages_check_deps_GripperStatus
[  0%] Built target _myarm_communication_generate_messages_check_deps_MyArmAngles
[  0%] Built target _myarm_communication_generate_messages_check_deps_MyArmSetCoords
[  0%] Built target _myarm_communication_generate_messages_check_deps_PumpStatus
[  0%] Built target _myarm_communication_generate_messages_check_deps_MyArmPumpStatus
[  0%] Built target std_msgs_generate_messages_nodejs
[  0%] Built target std_msgs_generate_messages_py
[  0%] Built target std_msgs_generate_messages_lisp
[  0%] Built target std_msgs_generate_messages_cpp
[  0%] Built target _myarm_communication_generate_messages_check_deps_MyArmGripperStatus
[  0%] Built target _myarm_communication_generate_messages_check_deps_SetCoords
[ 36%] Built target myarm_communication_generate_messages_nodejs
[ 39%] Built target myarm_communication_generate_messages_eus
[ 61%] Built target myarm_communication_generate_messages_py
[ 80%] Built target myarm_communication_generate_messages_cpp
[100%] Built target myarm_communication_generate_messages_lisp
[100%] Built target myarm_communication_generate_messages
