Linked: (/home/thulson/catkin_ws/devel/.private/myarm_communication/lib/python3/dist-packages/myarm_communication/__init__.py, /home/thulson/catkin_ws/devel/lib/python3/dist-packages/myarm_communication/__init__.py)
Linked: (/home/thulson/catkin_ws/devel/.private/myarm_communication/lib/python3/dist-packages/myarm_communication/srv/_SetAngles.py, /home/thulson/catkin_ws/devel/lib/python3/dist-packages/myarm_communication/srv/_SetAngles.py)
Linked: (/home/thulson/catkin_ws/devel/.private/myarm_communication/lib/python3/dist-packages/myarm_communication/srv/_GetCoords.py, /home/thulson/catkin_ws/devel/lib/python3/dist-packages/myarm_communication/srv/_GetCoords.py)
Linked: (/home/thulson/catkin_ws/devel/.private/myarm_communication/lib/python3/dist-packages/myarm_communication/srv/_GripperStatus.py, /home/thulson/catkin_ws/devel/lib/python3/dist-packages/myarm_communication/srv/_GripperStatus.py)
Linked: (/home/thulson/catkin_ws/devel/.private/myarm_communication/lib/python3/dist-packages/myarm_communication/srv/_SetCoords.py, /home/thulson/catkin_ws/devel/lib/python3/dist-packages/myarm_communication/srv/_SetCoords.py)
Linked: (/home/thulson/catkin_ws/devel/.private/myarm_communication/lib/python3/dist-packages/myarm_communication/srv/_PumpStatus.py, /home/thulson/catkin_ws/devel/lib/python3/dist-packages/myarm_communication/srv/_PumpStatus.py)
Linked: (/home/thulson/catkin_ws/devel/.private/myarm_communication/lib/python3/dist-packages/myarm_communication/srv/_GetAngles.py, /home/thulson/catkin_ws/devel/lib/python3/dist-packages/myarm_communication/srv/_GetAngles.py)
Linked: (/home/thulson/catkin_ws/devel/.private/myarm_communication/lib/python3/dist-packages/myarm_communication/srv/__init__.py, /home/thulson/catkin_ws/devel/lib/python3/dist-packages/myarm_communication/srv/__init__.py)
Linked: (/home/thulson/catkin_ws/devel/.private/myarm_communication/lib/python3/dist-packages/myarm_communication/msg/_MyArmCoords.py, /home/thulson/catkin_ws/devel/lib/python3/dist-packages/myarm_communication/msg/_MyArmCoords.py)
Linked: (/home/thulson/catkin_ws/devel/.private/myarm_communication/lib/python3/dist-packages/myarm_communication/msg/_MyArmAngles.py, /home/thulson/catkin_ws/devel/lib/python3/dist-packages/myarm_communication/msg/_MyArmAngles.py)
Linked: (/home/thulson/catkin_ws/devel/.private/myarm_communication/lib/python3/dist-packages/myarm_communication/msg/_MyArmSetAngles.py, /home/thulson/catkin_ws/devel/lib/python3/dist-packages/myarm_communication/msg/_MyArmSetAngles.py)
Linked: (/home/thulson/catkin_ws/devel/.private/myarm_communication/lib/python3/dist-packages/myarm_communication/msg/_MyArmGripperStatus.py, /home/thulson/catkin_ws/devel/lib/python3/dist-packages/myarm_communication/msg/_MyArmGripperStatus.py)
Linked: (/home/thulson/catkin_ws/devel/.private/myarm_communication/lib/python3/dist-packages/myarm_communication/msg/_MyArmPumpStatus.py, /home/thulson/catkin_ws/devel/lib/python3/dist-packages/myarm_communication/msg/_MyArmPumpStatus.py)
Linked: (/home/thulson/catkin_ws/devel/.private/myarm_communication/lib/python3/dist-packages/myarm_communication/msg/__init__.py, /home/thulson/catkin_ws/devel/lib/python3/dist-packages/myarm_communication/msg/__init__.py)
Linked: (/home/thulson/catkin_ws/devel/.private/myarm_communication/lib/python3/dist-packages/myarm_communication/msg/_MyArmSetCoords.py, /home/thulson/catkin_ws/devel/lib/python3/dist-packages/myarm_communication/msg/_MyArmSetCoords.py)
Linked: (/home/thulson/catkin_ws/devel/.private/myarm_communication/lib/pkgconfig/myarm_communication.pc, /home/thulson/catkin_ws/devel/lib/pkgconfig/myarm_communication.pc)
Linked: (/home/thulson/catkin_ws/devel/.private/myarm_communication/lib/myarm_communication/myarm_topics.py, /home/thulson/catkin_ws/devel/lib/myarm_communication/myarm_topics.py)
Linked: (/home/thulson/catkin_ws/devel/.private/myarm_communication/lib/myarm_communication/myarm_services.py, /home/thulson/catkin_ws/devel/lib/myarm_communication/myarm_services.py)
Linked: (/home/thulson/catkin_ws/devel/.private/myarm_communication/lib/myarm_communication/cmake.lock, /home/thulson/catkin_ws/devel/lib/myarm_communication/cmake.lock)
Linked: (/home/thulson/catkin_ws/devel/.private/myarm_communication/include/myarm_communication/SetAnglesResponse.h, /home/thulson/catkin_ws/devel/include/myarm_communication/SetAnglesResponse.h)
Linked: (/home/thulson/catkin_ws/devel/.private/myarm_communication/include/myarm_communication/GetCoordsResponse.h, /home/thulson/catkin_ws/devel/include/myarm_communication/GetCoordsResponse.h)
Linked: (/home/thulson/catkin_ws/devel/.private/myarm_communication/include/myarm_communication/PumpStatusRequest.h, /home/thulson/catkin_ws/devel/include/myarm_communication/PumpStatusRequest.h)
Linked: (/home/thulson/catkin_ws/devel/.private/myarm_communication/include/myarm_communication/SetCoords.h, /home/thulson/catkin_ws/devel/include/myarm_communication/SetCoords.h)
Linked: (/home/thulson/catkin_ws/devel/.private/myarm_communication/include/myarm_communication/GetAnglesRequest.h, /home/thulson/catkin_ws/devel/include/myarm_communication/GetAnglesRequest.h)
Linked: (/home/thulson/catkin_ws/devel/.private/myarm_communication/include/myarm_communication/GetCoords.h, /home/thulson/catkin_ws/devel/include/myarm_communication/GetCoords.h)
Linked: (/home/thulson/catkin_ws/devel/.private/myarm_communication/include/myarm_communication/MyArmSetAngles.h, /home/thulson/catkin_ws/devel/include/myarm_communication/MyArmSetAngles.h)
Linked: (/home/thulson/catkin_ws/devel/.private/myarm_communication/include/myarm_communication/MyArmSetCoords.h, /home/thulson/catkin_ws/devel/include/myarm_communication/MyArmSetCoords.h)
Linked: (/home/thulson/catkin_ws/devel/.private/myarm_communication/include/myarm_communication/MyArmPumpStatus.h, /home/thulson/catkin_ws/devel/include/myarm_communication/MyArmPumpStatus.h)
Linked: (/home/thulson/catkin_ws/devel/.private/myarm_communication/include/myarm_communication/GripperStatus.h, /home/thulson/catkin_ws/devel/include/myarm_communication/GripperStatus.h)
Linked: (/home/thulson/catkin_ws/devel/.private/myarm_communication/include/myarm_communication/MyArmAngles.h, /home/thulson/catkin_ws/devel/include/myarm_communication/MyArmAngles.h)
Linked: (/home/thulson/catkin_ws/devel/.private/myarm_communication/include/myarm_communication/PumpStatus.h, /home/thulson/catkin_ws/devel/include/myarm_communication/PumpStatus.h)
Linked: (/home/thulson/catkin_ws/devel/.private/myarm_communication/include/myarm_communication/SetAnglesRequest.h, /home/thulson/catkin_ws/devel/include/myarm_communication/SetAnglesRequest.h)
Linked: (/home/thulson/catkin_ws/devel/.private/myarm_communication/include/myarm_communication/GetAngles.h, /home/thulson/catkin_ws/devel/include/myarm_communication/GetAngles.h)
Linked: (/home/thulson/catkin_ws/devel/.private/myarm_communication/include/myarm_communication/SetCoordsRequest.h, /home/thulson/catkin_ws/devel/include/myarm_communication/SetCoordsRequest.h)
Linked: (/home/thulson/catkin_ws/devel/.private/myarm_communication/include/myarm_communication/GripperStatusRequest.h, /home/thulson/catkin_ws/devel/include/myarm_communication/GripperStatusRequest.h)
Linked: (/home/thulson/catkin_ws/devel/.private/myarm_communication/include/myarm_communication/GetCoordsRequest.h, /home/thulson/catkin_ws/devel/include/myarm_communication/GetCoordsRequest.h)
Linked: (/home/thulson/catkin_ws/devel/.private/myarm_communication/include/myarm_communication/SetCoordsResponse.h, /home/thulson/catkin_ws/devel/include/myarm_communication/SetCoordsResponse.h)
Linked: (/home/thulson/catkin_ws/devel/.private/myarm_communication/include/myarm_communication/GetAnglesResponse.h, /home/thulson/catkin_ws/devel/include/myarm_communication/GetAnglesResponse.h)
Linked: (/home/thulson/catkin_ws/devel/.private/myarm_communication/include/myarm_communication/MyArmGripperStatus.h, /home/thulson/catkin_ws/devel/include/myarm_communication/MyArmGripperStatus.h)
Linked: (/home/thulson/catkin_ws/devel/.private/myarm_communication/include/myarm_communication/PumpStatusResponse.h, /home/thulson/catkin_ws/devel/include/myarm_communication/PumpStatusResponse.h)
Linked: (/home/thulson/catkin_ws/devel/.private/myarm_communication/include/myarm_communication/MyArmCoords.h, /home/thulson/catkin_ws/devel/include/myarm_communication/MyArmCoords.h)
Linked: (/home/thulson/catkin_ws/devel/.private/myarm_communication/include/myarm_communication/GripperStatusResponse.h, /home/thulson/catkin_ws/devel/include/myarm_communication/GripperStatusResponse.h)
Linked: (/home/thulson/catkin_ws/devel/.private/myarm_communication/include/myarm_communication/SetAngles.h, /home/thulson/catkin_ws/devel/include/myarm_communication/SetAngles.h)
Linked: (/home/thulson/catkin_ws/devel/.private/myarm_communication/share/common-lisp/ros/myarm_communication/srv/_package_PumpStatus.lisp, /home/thulson/catkin_ws/devel/share/common-lisp/ros/myarm_communication/srv/_package_PumpStatus.lisp)
Linked: (/home/thulson/catkin_ws/devel/.private/myarm_communication/share/common-lisp/ros/myarm_communication/srv/_package_SetAngles.lisp, /home/thulson/catkin_ws/devel/share/common-lisp/ros/myarm_communication/srv/_package_SetAngles.lisp)
Linked: (/home/thulson/catkin_ws/devel/.private/myarm_communication/share/common-lisp/ros/myarm_communication/srv/SetAngles.lisp, /home/thulson/catkin_ws/devel/share/common-lisp/ros/myarm_communication/srv/SetAngles.lisp)
Linked: (/home/thulson/catkin_ws/devel/.private/myarm_communication/share/common-lisp/ros/myarm_communication/srv/_package_GetAngles.lisp, /home/thulson/catkin_ws/devel/share/common-lisp/ros/myarm_communication/srv/_package_GetAngles.lisp)
Linked: (/home/thulson/catkin_ws/devel/.private/myarm_communication/share/common-lisp/ros/myarm_communication/srv/_package.lisp, /home/thulson/catkin_ws/devel/share/common-lisp/ros/myarm_communication/srv/_package.lisp)
Linked: (/home/thulson/catkin_ws/devel/.private/myarm_communication/share/common-lisp/ros/myarm_communication/srv/GripperStatus.lisp, /home/thulson/catkin_ws/devel/share/common-lisp/ros/myarm_communication/srv/GripperStatus.lisp)
Linked: (/home/thulson/catkin_ws/devel/.private/myarm_communication/share/common-lisp/ros/myarm_communication/srv/_package_SetCoords.lisp, /home/thulson/catkin_ws/devel/share/common-lisp/ros/myarm_communication/srv/_package_SetCoords.lisp)
Linked: (/home/thulson/catkin_ws/devel/.private/myarm_communication/share/common-lisp/ros/myarm_communication/srv/myarm_communication-srv.asd, /home/thulson/catkin_ws/devel/share/common-lisp/ros/myarm_communication/srv/myarm_communication-srv.asd)
Linked: (/home/thulson/catkin_ws/devel/.private/myarm_communication/share/common-lisp/ros/myarm_communication/srv/_package_GetCoords.lisp, /home/thulson/catkin_ws/devel/share/common-lisp/ros/myarm_communication/srv/_package_GetCoords.lisp)
Linked: (/home/thulson/catkin_ws/devel/.private/myarm_communication/share/common-lisp/ros/myarm_communication/srv/GetAngles.lisp, /home/thulson/catkin_ws/devel/share/common-lisp/ros/myarm_communication/srv/GetAngles.lisp)
Linked: (/home/thulson/catkin_ws/devel/.private/myarm_communication/share/common-lisp/ros/myarm_communication/srv/SetCoords.lisp, /home/thulson/catkin_ws/devel/share/common-lisp/ros/myarm_communication/srv/SetCoords.lisp)
Linked: (/home/thulson/catkin_ws/devel/.private/myarm_communication/share/common-lisp/ros/myarm_communication/srv/_package_GripperStatus.lisp, /home/thulson/catkin_ws/devel/share/common-lisp/ros/myarm_communication/srv/_package_GripperStatus.lisp)
Linked: (/home/thulson/catkin_ws/devel/.private/myarm_communication/share/common-lisp/ros/myarm_communication/srv/GetCoords.lisp, /home/thulson/catkin_ws/devel/share/common-lisp/ros/myarm_communication/srv/GetCoords.lisp)
Linked: (/home/thulson/catkin_ws/devel/.private/myarm_communication/share/common-lisp/ros/myarm_communication/srv/PumpStatus.lisp, /home/thulson/catkin_ws/devel/share/common-lisp/ros/myarm_communication/srv/PumpStatus.lisp)
Linked: (/home/thulson/catkin_ws/devel/.private/myarm_communication/share/common-lisp/ros/myarm_communication/msg/_package_MyArmPumpStatus.lisp, /home/thulson/catkin_ws/devel/share/common-lisp/ros/myarm_communication/msg/_package_MyArmPumpStatus.lisp)
Linked: (/home/thulson/catkin_ws/devel/.private/myarm_communication/share/common-lisp/ros/myarm_communication/msg/_package_MyArmCoords.lisp, /home/thulson/catkin_ws/devel/share/common-lisp/ros/myarm_communication/msg/_package_MyArmCoords.lisp)
Linked: (/home/thulson/catkin_ws/devel/.private/myarm_communication/share/common-lisp/ros/myarm_communication/msg/_package_MyArmSetCoords.lisp, /home/thulson/catkin_ws/devel/share/common-lisp/ros/myarm_communication/msg/_package_MyArmSetCoords.lisp)
Linked: (/home/thulson/catkin_ws/devel/.private/myarm_communication/share/common-lisp/ros/myarm_communication/msg/_package_MyArmAngles.lisp, /home/thulson/catkin_ws/devel/share/common-lisp/ros/myarm_communication/msg/_package_MyArmAngles.lisp)
Linked: (/home/thulson/catkin_ws/devel/.private/myarm_communication/share/common-lisp/ros/myarm_communication/msg/_package.lisp, /home/thulson/catkin_ws/devel/share/common-lisp/ros/myarm_communication/msg/_package.lisp)
Linked: (/home/thulson/catkin_ws/devel/.private/myarm_communication/share/common-lisp/ros/myarm_communication/msg/_package_MyArmSetAngles.lisp, /home/thulson/catkin_ws/devel/share/common-lisp/ros/myarm_communication/msg/_package_MyArmSetAngles.lisp)
Linked: (/home/thulson/catkin_ws/devel/.private/myarm_communication/share/common-lisp/ros/myarm_communication/msg/MyArmSetCoords.lisp, /home/thulson/catkin_ws/devel/share/common-lisp/ros/myarm_communication/msg/MyArmSetCoords.lisp)
Linked: (/home/thulson/catkin_ws/devel/.private/myarm_communication/share/common-lisp/ros/myarm_communication/msg/MyArmPumpStatus.lisp, /home/thulson/catkin_ws/devel/share/common-lisp/ros/myarm_communication/msg/MyArmPumpStatus.lisp)
Linked: (/home/thulson/catkin_ws/devel/.private/myarm_communication/share/common-lisp/ros/myarm_communication/msg/myarm_communication-msg.asd, /home/thulson/catkin_ws/devel/share/common-lisp/ros/myarm_communication/msg/myarm_communication-msg.asd)
Linked: (/home/thulson/catkin_ws/devel/.private/myarm_communication/share/common-lisp/ros/myarm_communication/msg/MyArmCoords.lisp, /home/thulson/catkin_ws/devel/share/common-lisp/ros/myarm_communication/msg/MyArmCoords.lisp)
Linked: (/home/thulson/catkin_ws/devel/.private/myarm_communication/share/common-lisp/ros/myarm_communication/msg/MyArmGripperStatus.lisp, /home/thulson/catkin_ws/devel/share/common-lisp/ros/myarm_communication/msg/MyArmGripperStatus.lisp)
Linked: (/home/thulson/catkin_ws/devel/.private/myarm_communication/share/common-lisp/ros/myarm_communication/msg/_package_MyArmGripperStatus.lisp, /home/thulson/catkin_ws/devel/share/common-lisp/ros/myarm_communication/msg/_package_MyArmGripperStatus.lisp)
Linked: (/home/thulson/catkin_ws/devel/.private/myarm_communication/share/common-lisp/ros/myarm_communication/msg/MyArmSetAngles.lisp, /home/thulson/catkin_ws/devel/share/common-lisp/ros/myarm_communication/msg/MyArmSetAngles.lisp)
Linked: (/home/thulson/catkin_ws/devel/.private/myarm_communication/share/common-lisp/ros/myarm_communication/msg/MyArmAngles.lisp, /home/thulson/catkin_ws/devel/share/common-lisp/ros/myarm_communication/msg/MyArmAngles.lisp)
Linked: (/home/thulson/catkin_ws/devel/.private/myarm_communication/share/roseus/ros/myarm_communication/manifest.l, /home/thulson/catkin_ws/devel/share/roseus/ros/myarm_communication/manifest.l)
Linked: (/home/thulson/catkin_ws/devel/.private/myarm_communication/share/roseus/ros/myarm_communication/srv/GetAngles.l, /home/thulson/catkin_ws/devel/share/roseus/ros/myarm_communication/srv/GetAngles.l)
Linked: (/home/thulson/catkin_ws/devel/.private/myarm_communication/share/roseus/ros/myarm_communication/srv/GetCoords.l, /home/thulson/catkin_ws/devel/share/roseus/ros/myarm_communication/srv/GetCoords.l)
Linked: (/home/thulson/catkin_ws/devel/.private/myarm_communication/share/roseus/ros/myarm_communication/srv/GripperStatus.l, /home/thulson/catkin_ws/devel/share/roseus/ros/myarm_communication/srv/GripperStatus.l)
Linked: (/home/thulson/catkin_ws/devel/.private/myarm_communication/share/roseus/ros/myarm_communication/srv/SetAngles.l, /home/thulson/catkin_ws/devel/share/roseus/ros/myarm_communication/srv/SetAngles.l)
Linked: (/home/thulson/catkin_ws/devel/.private/myarm_communication/share/roseus/ros/myarm_communication/srv/SetCoords.l, /home/thulson/catkin_ws/devel/share/roseus/ros/myarm_communication/srv/SetCoords.l)
Linked: (/home/thulson/catkin_ws/devel/.private/myarm_communication/share/roseus/ros/myarm_communication/srv/PumpStatus.l, /home/thulson/catkin_ws/devel/share/roseus/ros/myarm_communication/srv/PumpStatus.l)
Linked: (/home/thulson/catkin_ws/devel/.private/myarm_communication/share/roseus/ros/myarm_communication/msg/MyArmPumpStatus.l, /home/thulson/catkin_ws/devel/share/roseus/ros/myarm_communication/msg/MyArmPumpStatus.l)
Linked: (/home/thulson/catkin_ws/devel/.private/myarm_communication/share/roseus/ros/myarm_communication/msg/MyArmSetCoords.l, /home/thulson/catkin_ws/devel/share/roseus/ros/myarm_communication/msg/MyArmSetCoords.l)
Linked: (/home/thulson/catkin_ws/devel/.private/myarm_communication/share/roseus/ros/myarm_communication/msg/MyArmGripperStatus.l, /home/thulson/catkin_ws/devel/share/roseus/ros/myarm_communication/msg/MyArmGripperStatus.l)
Linked: (/home/thulson/catkin_ws/devel/.private/myarm_communication/share/roseus/ros/myarm_communication/msg/MyArmAngles.l, /home/thulson/catkin_ws/devel/share/roseus/ros/myarm_communication/msg/MyArmAngles.l)
Linked: (/home/thulson/catkin_ws/devel/.private/myarm_communication/share/roseus/ros/myarm_communication/msg/MyArmCoords.l, /home/thulson/catkin_ws/devel/share/roseus/ros/myarm_communication/msg/MyArmCoords.l)
Linked: (/home/thulson/catkin_ws/devel/.private/myarm_communication/share/roseus/ros/myarm_communication/msg/MyArmSetAngles.l, /home/thulson/catkin_ws/devel/share/roseus/ros/myarm_communication/msg/MyArmSetAngles.l)
Linked: (/home/thulson/catkin_ws/devel/.private/myarm_communication/share/gennodejs/ros/myarm_communication/_index.js, /home/thulson/catkin_ws/devel/share/gennodejs/ros/myarm_communication/_index.js)
Linked: (/home/thulson/catkin_ws/devel/.private/myarm_communication/share/gennodejs/ros/myarm_communication/srv/GetAngles.js, /home/thulson/catkin_ws/devel/share/gennodejs/ros/myarm_communication/srv/GetAngles.js)
Linked: (/home/thulson/catkin_ws/devel/.private/myarm_communication/share/gennodejs/ros/myarm_communication/srv/_index.js, /home/thulson/catkin_ws/devel/share/gennodejs/ros/myarm_communication/srv/_index.js)
Linked: (/home/thulson/catkin_ws/devel/.private/myarm_communication/share/gennodejs/ros/myarm_communication/srv/SetAngles.js, /home/thulson/catkin_ws/devel/share/gennodejs/ros/myarm_communication/srv/SetAngles.js)
Linked: (/home/thulson/catkin_ws/devel/.private/myarm_communication/share/gennodejs/ros/myarm_communication/srv/GetCoords.js, /home/thulson/catkin_ws/devel/share/gennodejs/ros/myarm_communication/srv/GetCoords.js)
Linked: (/home/thulson/catkin_ws/devel/.private/myarm_communication/share/gennodejs/ros/myarm_communication/srv/SetCoords.js, /home/thulson/catkin_ws/devel/share/gennodejs/ros/myarm_communication/srv/SetCoords.js)
Linked: (/home/thulson/catkin_ws/devel/.private/myarm_communication/share/gennodejs/ros/myarm_communication/srv/PumpStatus.js, /home/thulson/catkin_ws/devel/share/gennodejs/ros/myarm_communication/srv/PumpStatus.js)
Linked: (/home/thulson/catkin_ws/devel/.private/myarm_communication/share/gennodejs/ros/myarm_communication/srv/GripperStatus.js, /home/thulson/catkin_ws/devel/share/gennodejs/ros/myarm_communication/srv/GripperStatus.js)
Linked: (/home/thulson/catkin_ws/devel/.private/myarm_communication/share/gennodejs/ros/myarm_communication/msg/MyArmCoords.js, /home/thulson/catkin_ws/devel/share/gennodejs/ros/myarm_communication/msg/MyArmCoords.js)
Linked: (/home/thulson/catkin_ws/devel/.private/myarm_communication/share/gennodejs/ros/myarm_communication/msg/_index.js, /home/thulson/catkin_ws/devel/share/gennodejs/ros/myarm_communication/msg/_index.js)
Linked: (/home/thulson/catkin_ws/devel/.private/myarm_communication/share/gennodejs/ros/myarm_communication/msg/MyArmAngles.js, /home/thulson/catkin_ws/devel/share/gennodejs/ros/myarm_communication/msg/MyArmAngles.js)
Linked: (/home/thulson/catkin_ws/devel/.private/myarm_communication/share/gennodejs/ros/myarm_communication/msg/MyArmPumpStatus.js, /home/thulson/catkin_ws/devel/share/gennodejs/ros/myarm_communication/msg/MyArmPumpStatus.js)
Linked: (/home/thulson/catkin_ws/devel/.private/myarm_communication/share/gennodejs/ros/myarm_communication/msg/MyArmSetCoords.js, /home/thulson/catkin_ws/devel/share/gennodejs/ros/myarm_communication/msg/MyArmSetCoords.js)
Linked: (/home/thulson/catkin_ws/devel/.private/myarm_communication/share/gennodejs/ros/myarm_communication/msg/MyArmSetAngles.js, /home/thulson/catkin_ws/devel/share/gennodejs/ros/myarm_communication/msg/MyArmSetAngles.js)
Linked: (/home/thulson/catkin_ws/devel/.private/myarm_communication/share/gennodejs/ros/myarm_communication/msg/MyArmGripperStatus.js, /home/thulson/catkin_ws/devel/share/gennodejs/ros/myarm_communication/msg/MyArmGripperStatus.js)
Linked: (/home/thulson/catkin_ws/devel/.private/myarm_communication/share/myarm_communication/cmake/myarm_communicationConfig.cmake, /home/thulson/catkin_ws/devel/share/myarm_communication/cmake/myarm_communicationConfig.cmake)
Linked: (/home/thulson/catkin_ws/devel/.private/myarm_communication/share/myarm_communication/cmake/myarm_communication-msg-paths.cmake, /home/thulson/catkin_ws/devel/share/myarm_communication/cmake/myarm_communication-msg-paths.cmake)
Linked: (/home/thulson/catkin_ws/devel/.private/myarm_communication/share/myarm_communication/cmake/myarm_communicationConfig-version.cmake, /home/thulson/catkin_ws/devel/share/myarm_communication/cmake/myarm_communicationConfig-version.cmake)
Linked: (/home/thulson/catkin_ws/devel/.private/myarm_communication/share/myarm_communication/cmake/myarm_communication-msg-extras.cmake, /home/thulson/catkin_ws/devel/share/myarm_communication/cmake/myarm_communication-msg-extras.cmake)
